Using pre-set license
Built from '2021.3/staging' branch; Version is '2021.3.5f1 (40eb3a945986) revision 4254522'; Using compiler version '192829333'; Build Type 'Release'
OS: 'Windows 11  (10.0.22631) 64bit Education' Language: 'ko' Physical Memory: 15613 MB
BatchMode: 1, IsHumanControllingUs: 0, StartBugReporterOnCrash: 0, Is64bit: 1, IsPro: 1

COMMAND LINE ARGUMENTS:
C:\Program Files\Unity\Hub\Editor\2021.3.5f1\Editor\Unity.exe
-adb2
-batchMode
-noUpm
-name
AssetImportWorker3
-projectPath
D:/Git/game351_group/unity/Assignment 1
-logFile
Logs/AssetImportWorker3.log
-srvPort
61134
Successfully changed project path to: D:/Git/game351_group/unity/Assignment 1
D:/Git/game351_group/unity/Assignment 1
[UnityMemory] Configuration Parameters - Can be set up in boot.config
    "memorysetup-bucket-allocator-granularity=16"
    "memorysetup-bucket-allocator-bucket-count=8"
    "memorysetup-bucket-allocator-block-size=33554432"
    "memorysetup-bucket-allocator-block-count=8"
    "memorysetup-main-allocator-block-size=16777216"
    "memorysetup-thread-allocator-block-size=16777216"
    "memorysetup-gfx-main-allocator-block-size=16777216"
    "memorysetup-gfx-thread-allocator-block-size=16777216"
    "memorysetup-cache-allocator-block-size=4194304"
    "memorysetup-typetree-allocator-block-size=2097152"
    "memorysetup-profiler-bucket-allocator-granularity=16"
    "memorysetup-profiler-bucket-allocator-bucket-count=8"
    "memorysetup-profiler-bucket-allocator-block-size=33554432"
    "memorysetup-profiler-bucket-allocator-block-count=8"
    "memorysetup-profiler-allocator-block-size=16777216"
    "memorysetup-profiler-editor-allocator-block-size=1048576"
    "memorysetup-temp-allocator-size-main=16777216"
    "memorysetup-job-temp-allocator-block-size=2097152"
    "memorysetup-job-temp-allocator-block-size-background=1048576"
    "memorysetup-job-temp-allocator-reduction-small-platforms=262144"
    "memorysetup-temp-allocator-size-background-worker=32768"
    "memorysetup-temp-allocator-size-job-worker=262144"
    "memorysetup-temp-allocator-size-preload-manager=33554432"
    "memorysetup-temp-allocator-size-nav-mesh-worker=65536"
    "memorysetup-temp-allocator-size-audio-worker=65536"
    "memorysetup-temp-allocator-size-cloud-worker=32768"
    "memorysetup-temp-allocator-size-gi-baking-worker=262144"
    "memorysetup-temp-allocator-size-gfx=262144"
Refreshing native plugins compatible for Editor in 105.54 ms, found 3 plugins.
Preloading 0 native plugins for Editor in 0.00 ms.
Initialize engine version: 2021.3.5f1 (40eb3a945986)
[Subsystems] Discovering subsystems at path C:/Program Files/Unity/Hub/Editor/2021.3.5f1/Editor/Data/Resources/UnitySubsystems
[Subsystems] Discovering subsystems at path D:/Git/game351_group/unity/Assignment 1/Assets
GfxDevice: creating device client; threaded=0; jobified=0
Direct3D:
    Version:  Direct3D 11.0 [level 11.1]
    Renderer: NVIDIA GeForce RTX 3060 Laptop GPU (ID=0x2520)
    Vendor:   NVIDIA
    VRAM:     6010 MB
    Driver:   31.0.15.4633
Initialize mono
Mono path[0] = 'C:/Program Files/Unity/Hub/Editor/2021.3.5f1/Editor/Data/Managed'
Mono path[1] = 'C:/Program Files/Unity/Hub/Editor/2021.3.5f1/Editor/Data/MonoBleedingEdge/lib/mono/unityjit-win32'
Mono config path = 'C:/Program Files/Unity/Hub/Editor/2021.3.5f1/Editor/Data/MonoBleedingEdge/etc'
Using monoOptions --debugger-agent=transport=dt_socket,embedding=1,server=y,suspend=n,address=127.0.0.1:56420
Begin MonoManager ReloadAssembly
Registering precompiled unity dll's ...
Register platform support module: C:/Program Files/Unity/Hub/Editor/2021.3.5f1/Editor/Data/PlaybackEngines/WindowsStandaloneSupport/UnityEditor.WindowsStandalone.Extensions.dll
Registered in 0.005367 seconds.
Native extension for WindowsStandalone target not found
Refreshing native plugins compatible for Editor in 108.19 ms, found 3 plugins.
Preloading 0 native plugins for Editor in 0.00 ms.
Mono: successfully reloaded assembly
- Completed reload, in  0.654 seconds
Domain Reload Profiling:
	ReloadAssembly (654ms)
		BeginReloadAssembly (75ms)
			ExecutionOrderSort (0ms)
			DisableScriptedObjects (0ms)
			BackupInstance (0ms)
			ReleaseScriptingObjects (0ms)
			CreateAndSetChildDomain (1ms)
		EndReloadAssembly (468ms)
			LoadAssemblies (72ms)
			RebuildTransferFunctionScriptingTraits (0ms)
			SetupTypeCache (96ms)
			ReleaseScriptCaches (0ms)
			RebuildScriptCaches (26ms)
			SetupLoadedEditorAssemblies (291ms)
				LogAssemblyErrors (0ms)
				InitializePlatformSupportModulesInManaged (7ms)
				SetLoadedEditorAssemblies (0ms)
				RefreshPlugins (108ms)
				BeforeProcessingInitializeOnLoad (1ms)
				ProcessInitializeOnLoadAttributes (127ms)
				ProcessInitializeOnLoadMethodAttributes (46ms)
				AfterProcessingInitializeOnLoad (0ms)
				EditorAssembliesLoaded (0ms)
			ExecutionOrderSort2 (0ms)
			AwakeInstancesAfterBackupRestoration (0ms)
Platform modules already initialized, skipping
Registering precompiled user dll's ...
Registered in 0.004459 seconds.
Begin MonoManager ReloadAssembly
Symbol file LoadedFromMemory doesn't match image D:\Git\game351_group\unity\Assignment 1\Library\PackageCache\com.unity.visualscripting@1.7.8\Editor\VisualScripting.Core\Dependencies\YamlDotNet\Unity.VisualScripting.YamlDotNet.dll
Symbol file LoadedFromMemory doesn't match image D:\Git\game351_group\unity\Assignment 1\Library\PackageCache\com.unity.visualscripting@1.7.8\Editor\VisualScripting.Core\Dependencies\DotNetZip\Unity.VisualScripting.IonicZip.dll
Native extension for WindowsStandalone target not found
Refreshing native plugins compatible for Editor in 113.24 ms, found 3 plugins.
Preloading 0 native plugins for Editor in 0.00 ms.
Mono: successfully reloaded assembly
- Completed reload, in  1.469 seconds
Domain Reload Profiling:
	ReloadAssembly (1469ms)
		BeginReloadAssembly (123ms)
			ExecutionOrderSort (0ms)
			DisableScriptedObjects (5ms)
			BackupInstance (0ms)
			ReleaseScriptingObjects (0ms)
			CreateAndSetChildDomain (21ms)
		EndReloadAssembly (1235ms)
			LoadAssemblies (101ms)
			RebuildTransferFunctionScriptingTraits (0ms)
			SetupTypeCache (375ms)
			ReleaseScriptCaches (1ms)
			RebuildScriptCaches (62ms)
			SetupLoadedEditorAssemblies (640ms)
				LogAssemblyErrors (0ms)
				InitializePlatformSupportModulesInManaged (6ms)
				SetLoadedEditorAssemblies (0ms)
				RefreshPlugins (113ms)
				BeforeProcessingInitializeOnLoad (108ms)
				ProcessInitializeOnLoadAttributes (315ms)
				ProcessInitializeOnLoadMethodAttributes (89ms)
				AfterProcessingInitializeOnLoad (8ms)
				EditorAssembliesLoaded (0ms)
			ExecutionOrderSort2 (0ms)
			AwakeInstancesAfterBackupRestoration (8ms)
Platform modules already initialized, skipping
========================================================================
Worker process is ready to serve import requests
Launched and connected shader compiler UnityShaderCompiler.exe after 0.06 seconds
Refreshing native plugins compatible for Editor in 1.11 ms, found 3 plugins.
Preloading 0 native plugins for Editor in 0.00 ms.
Unloading 5382 Unused Serialized files (Serialized files now loaded: 0)
Unloading 34 unused Assets / (0.7 MB). Loaded Objects now: 5853.
Memory consumption went from 246.0 MB to 245.3 MB.
Total: 6.103500 ms (FindLiveObjects: 0.791100 ms CreateObjectMapping: 0.648500 ms MarkObjects: 4.241400 ms  DeleteObjects: 0.419800 ms)

AssetImportParameters requested are different than current active one (requested -> active):
  custom:video-decoder-ogg-theora: a1e56fd34408186e4bbccfd4996cb3dc -> 
  custom:container-muxer-webm: aa71ff27fc2769a1b78a27578f13a17b -> 
  custom:container-demuxer-webm: 4f35f7cbe854078d1ac9338744f61a02 -> 
  custom:video-encoder-webm-vp8: eb34c28f22e8b96e1ab97ce403110664 -> 
  custom:video-codec-MediaFoundation-h265: 746d11721c4dcdbdad8f713fa42b33f4 -> 
  custom:audio-encoder-webm-vorbis: bf7c407c2cedff20999df2af8eb42d56 -> 
  custom:framework-win-MediaFoundation: 216162199b28c13a410421893ffa2e32 -> 
  custom:container-demuxer-ogg: 62fdf1f143b41e24485cea50d1cbac27 -> 
  custom:video-decoder-webm-vp8: 9c59270c3fd7afecdb556c50c9e8de78 -> 
  custom:audio-decoder-ogg-vorbis: bf7c407c2cedff20999df2af8eb42d56 -> 
========================================================================
Received Import Request.
  Time since last request: 407613.069672 seconds.
  path: Assets/Game Buffs/Free Stylized Textures/Textures/Cliff_Rock_Surface_21/Cliff_Rock_Surface_21_AO.png
  artifactKey: Guid(1576fd0f94bbee94887f8309eef3cddf) Importer(2089858483,0ecaa5967403d082aa24f35e1b516d23)
Start importing Assets/Game Buffs/Free Stylized Textures/Textures/Cliff_Rock_Surface_21/Cliff_Rock_Surface_21_AO.png using Guid(1576fd0f94bbee94887f8309eef3cddf) Importer(2089858483,0ecaa5967403d082aa24f35e1b516d23) Generated GUIDs only implemented for interfaces!
 -> (artifact id: 'a38ca478e34346efc693ac3a7c5d2359') in 0.287101 seconds 
========================================================================
Received Import Request.
  Time since last request: 0.000035 seconds.
  path: Assets/Game Buffs/Free Stylized Textures/Textures/Coal_Surface_2/Coal_Surface_2_Metallic.png
  artifactKey: Guid(5470ce72ba11d70438111e9a96a07477) Importer(2089858483,0ecaa5967403d082aa24f35e1b516d23)
Start importing Assets/Game Buffs/Free Stylized Textures/Textures/Coal_Surface_2/Coal_Surface_2_Metallic.png using Guid(5470ce72ba11d70438111e9a96a07477) Importer(2089858483,0ecaa5967403d082aa24f35e1b516d23) Generated GUIDs only implemented for interfaces!
 -> (artifact id: '405d5ad9d4ed3d12a3010e20cdc5dd90') in 0.035960 seconds 
========================================================================
Received Import Request.
  Time since last request: 0.000037 seconds.
  path: Assets/BasAssetStore/LowPolyVillage/Prefabs/Other_Objects/Wooden_Case.prefab
  artifactKey: Guid(3ee41b4affb3dc94586979509002914b) Importer(2089858483,0ecaa5967403d082aa24f35e1b516d23)
Start importing Assets/BasAssetStore/LowPolyVillage/Prefabs/Other_Objects/Wooden_Case.prefab using Guid(3ee41b4affb3dc94586979509002914b) Importer(2089858483,0ecaa5967403d082aa24f35e1b516d23) Generated GUIDs only implemented for interfaces!
 -> (artifact id: '0ac0f9212e0846a02fb997514b6c8213') in 0.018187 seconds 
========================================================================
Received Import Request.
  Time since last request: 0.000025 seconds.
  path: Assets/BasAssetStore/LowPolyVillage/Prefabs/Other_Objects/Street_Lamp.prefab
  artifactKey: Guid(ee21998f11acbec418dff52eb5ecfde4) Importer(2089858483,0ecaa5967403d082aa24f35e1b516d23)
Start importing Assets/BasAssetStore/LowPolyVillage/Prefabs/Other_Objects/Street_Lamp.prefab using Guid(ee21998f11acbec418dff52eb5ecfde4) Importer(2089858483,0ecaa5967403d082aa24f35e1b516d23) Generated GUIDs only implemented for interfaces!
 -> (artifact id: '4fc5c9b03a96ee6133eb4bd3e9fb45f1') in 0.011501 seconds 
========================================================================
Received Import Request.
  Time since last request: 0.000023 seconds.
  path: Assets/Game Buffs/Free Stylized Textures/Textures/Ancient_Cobblestone_5/Ancient_Cobblestone_5_AO.png
  artifactKey: Guid(8423542a827777a468d7832e5df93a14) Importer(2089858483,0ecaa5967403d082aa24f35e1b516d23)
Start importing Assets/Game Buffs/Free Stylized Textures/Textures/Ancient_Cobblestone_5/Ancient_Cobblestone_5_AO.png using Guid(8423542a827777a468d7832e5df93a14) Importer(2089858483,0ecaa5967403d082aa24f35e1b516d23) Generated GUIDs only implemented for interfaces!
 -> (artifact id: '292a3c67402c5f0ccbdbf73cf481050a') in 0.057504 seconds 
========================================================================
Received Import Request.
  Time since last request: 0.000024 seconds.
  path: Assets/Game Buffs/Free Stylized Textures/Textures/Arctic_Forest_Ground_12/Arctic_Forest_Ground_12_Roughness.png
  artifactKey: Guid(ab74000d038185f4e8166bb517673d00) Importer(2089858483,0ecaa5967403d082aa24f35e1b516d23)
Start importing Assets/Game Buffs/Free Stylized Textures/Textures/Arctic_Forest_Ground_12/Arctic_Forest_Ground_12_Roughness.png using Guid(ab74000d038185f4e8166bb517673d00) Importer(2089858483,0ecaa5967403d082aa24f35e1b516d23) Generated GUIDs only implemented for interfaces!
 -> (artifact id: '23f70c4db5f0ee5d10e2d5de6bed1ea1') in 0.039017 seconds 
========================================================================
Received Import Request.
  Time since last request: 0.000027 seconds.
  path: Assets/Game Buffs/Free Stylized Textures/Textures/Brick_Wall_18/Brick_Wall_18_Normal.png
  artifactKey: Guid(2581e11fabfcf7a45a50561b4b31cee2) Importer(2089858483,0ecaa5967403d082aa24f35e1b516d23)
Start importing Assets/Game Buffs/Free Stylized Textures/Textures/Brick_Wall_18/Brick_Wall_18_Normal.png using Guid(2581e11fabfcf7a45a50561b4b31cee2) Importer(2089858483,0ecaa5967403d082aa24f35e1b516d23) Generated GUIDs only implemented for interfaces!
 -> (artifact id: 'ee9ac14e344da86071ceaca66234630a') in 0.020994 seconds 
========================================================================
Received Import Request.
  Time since last request: 0.000022 seconds.
  path: Assets/Game Buffs/Free Stylized Textures/Textures/Cracked_Asphalt_5/Cracked_Asphalt_5_Normal.png
  artifactKey: Guid(c8338754654fe6f4994b2943d49ea607) Importer(2089858483,0ecaa5967403d082aa24f35e1b516d23)
Start importing Assets/Game Buffs/Free Stylized Textures/Textures/Cracked_Asphalt_5/Cracked_Asphalt_5_Normal.png using Guid(c8338754654fe6f4994b2943d49ea607) Importer(2089858483,0ecaa5967403d082aa24f35e1b516d23) Generated GUIDs only implemented for interfaces!
 -> (artifact id: '67d508ba8b1a156de9f5f10152edda7e') in 0.021515 seconds 
========================================================================
Received Import Request.
  Time since last request: 0.000038 seconds.
  path: Assets/Game Buffs/Free Stylized Textures/Textures/Coal_Surface_2/Coal_Surface_2_AO.png
  artifactKey: Guid(7473c0e40d478b0489ea8b7fb58e820b) Importer(2089858483,0ecaa5967403d082aa24f35e1b516d23)
Start importing Assets/Game Buffs/Free Stylized Textures/Textures/Coal_Surface_2/Coal_Surface_2_AO.png using Guid(7473c0e40d478b0489ea8b7fb58e820b) Importer(2089858483,0ecaa5967403d082aa24f35e1b516d23) Generated GUIDs only implemented for interfaces!
 -> (artifact id: '9c05f81dd45ea261d01951a937bf57b8') in 0.016084 seconds 
========================================================================
Received Import Request.
  Time since last request: 0.000033 seconds.
  path: Assets/Game Buffs/Free Stylized Textures/Textures/Arctic_Forest_Ground_12/Arctic_Forest_Ground_12_Mask.png
  artifactKey: Guid(c2db7c57263fb88488c7aace2482fb71) Importer(2089858483,0ecaa5967403d082aa24f35e1b516d23)
Start importing Assets/Game Buffs/Free Stylized Textures/Textures/Arctic_Forest_Ground_12/Arctic_Forest_Ground_12_Mask.png using Guid(c2db7c57263fb88488c7aace2482fb71) Importer(2089858483,0ecaa5967403d082aa24f35e1b516d23) Generated GUIDs only implemented for interfaces!
 -> (artifact id: 'a13e817ce91354ef7489ec2a30c07ea7') in 0.021579 seconds 
========================================================================
Received Import Request.
  Time since last request: 0.000026 seconds.
  path: Assets/BasAssetStore/LowPolyVillage/Prefabs/Stone/Stone_06.prefab
  artifactKey: Guid(a6274c7f5e2fcaa409c4bffae9b2f2f4) Importer(2089858483,0ecaa5967403d082aa24f35e1b516d23)
Start importing Assets/BasAssetStore/LowPolyVillage/Prefabs/Stone/Stone_06.prefab using Guid(a6274c7f5e2fcaa409c4bffae9b2f2f4) Importer(2089858483,0ecaa5967403d082aa24f35e1b516d23) Generated GUIDs only implemented for interfaces!
 -> (artifact id: '38802950f2c01ca2c59ef5d2ecbeddd0') in 0.017287 seconds 
========================================================================
Received Import Request.
  Time since last request: 0.000037 seconds.
  path: Assets/Game Buffs/Free Stylized Textures/Textures/Cracked_Ice_4/Cracked_Ice_4_AO.png
  artifactKey: Guid(ebb95fbee2326f149a07c014d53e26a7) Importer(2089858483,0ecaa5967403d082aa24f35e1b516d23)
Start importing Assets/Game Buffs/Free Stylized Textures/Textures/Cracked_Ice_4/Cracked_Ice_4_AO.png using Guid(ebb95fbee2326f149a07c014d53e26a7) Importer(2089858483,0ecaa5967403d082aa24f35e1b516d23) Generated GUIDs only implemented for interfaces!
 -> (artifact id: '6cd6d51de3f0cbac1000eec8c1a084f2') in 0.023828 seconds 
========================================================================
Received Import Request.
  Time since last request: 0.000027 seconds.
  path: Assets/Game Buffs/Free Stylized Textures/Textures/Crystal_Surface_1/Crystal_Surface_1_Metallic.png
  artifactKey: Guid(7eee8ddfea1c4bb4e909ce6da6a056e1) Importer(2089858483,0ecaa5967403d082aa24f35e1b516d23)
Start importing Assets/Game Buffs/Free Stylized Textures/Textures/Crystal_Surface_1/Crystal_Surface_1_Metallic.png using Guid(7eee8ddfea1c4bb4e909ce6da6a056e1) Importer(2089858483,0ecaa5967403d082aa24f35e1b516d23) Generated GUIDs only implemented for interfaces!
 -> (artifact id: 'b3829b2c0386b03ad3f03743d91e7ea2') in 0.029312 seconds 
========================================================================
Received Import Request.
  Time since last request: 0.000021 seconds.
  path: Assets/Game Buffs/Free Stylized Textures/Textures/Forest_Ground_38/Forest_Ground_38_Albedo.png
  artifactKey: Guid(846a26185a354b64abcb7fb6d85af414) Importer(2089858483,0ecaa5967403d082aa24f35e1b516d23)
Start importing Assets/Game Buffs/Free Stylized Textures/Textures/Forest_Ground_38/Forest_Ground_38_Albedo.png using Guid(846a26185a354b64abcb7fb6d85af414) Importer(2089858483,0ecaa5967403d082aa24f35e1b516d23) Generated GUIDs only implemented for interfaces!
 -> (artifact id: '6a60f7f39c113679945da8178ba6c4a9') in 0.017383 seconds 
========================================================================
Received Import Request.
  Time since last request: 0.000023 seconds.
  path: Assets/Game Buffs/Free Stylized Textures/Textures/Forest_Ground_38/Forest_Ground_38_Metallic.png
  artifactKey: Guid(8fc20c584a900714f85f22ea2bf4dae1) Importer(2089858483,0ecaa5967403d082aa24f35e1b516d23)
Start importing Assets/Game Buffs/Free Stylized Textures/Textures/Forest_Ground_38/Forest_Ground_38_Metallic.png using Guid(8fc20c584a900714f85f22ea2bf4dae1) Importer(2089858483,0ecaa5967403d082aa24f35e1b516d23) Generated GUIDs only implemented for interfaces!
 -> (artifact id: '5938cf5789e715b534978fb09f6fb17f') in 0.099063 seconds 
========================================================================
Received Import Request.
  Time since last request: 0.000028 seconds.
  path: Assets/Game Buffs/Free Stylized Textures/Textures/Forest_Ground_38/Forest_Ground_38_Normal.png
  artifactKey: Guid(9553e1bbd3d530a41bf549e190be393b) Importer(2089858483,0ecaa5967403d082aa24f35e1b516d23)
Start importing Assets/Game Buffs/Free Stylized Textures/Textures/Forest_Ground_38/Forest_Ground_38_Normal.png using Guid(9553e1bbd3d530a41bf549e190be393b) Importer(2089858483,0ecaa5967403d082aa24f35e1b516d23) Generated GUIDs only implemented for interfaces!
 -> (artifact id: '2192d6b59a9a134740e94c75be4f992b') in 0.019156 seconds 
========================================================================
Received Import Request.
  Time since last request: 0.000031 seconds.
  path: Assets/Game Buffs/Free Stylized Textures/Textures/Cracked_Ice_4/Cracked_Ice_4_Roughness.png
  artifactKey: Guid(fd78c8187043b714c9b371fc1f823b6f) Importer(2089858483,0ecaa5967403d082aa24f35e1b516d23)
Start importing Assets/Game Buffs/Free Stylized Textures/Textures/Cracked_Ice_4/Cracked_Ice_4_Roughness.png using Guid(fd78c8187043b714c9b371fc1f823b6f) Importer(2089858483,0ecaa5967403d082aa24f35e1b516d23) Generated GUIDs only implemented for interfaces!
 -> (artifact id: 'fe7c00e4f5c20bf3497d7b5a3ec08c0a') in 0.036497 seconds 
========================================================================
Received Import Request.
  Time since last request: 0.000021 seconds.
  path: Assets/Game Buffs/Free Stylized Textures/Textures/Cracked_Ice_4/Cracked_Ice_4_Height.png
  artifactKey: Guid(de0d10141886b464b817ca4fd1cf3641) Importer(2089858483,0ecaa5967403d082aa24f35e1b516d23)
Start importing Assets/Game Buffs/Free Stylized Textures/Textures/Cracked_Ice_4/Cracked_Ice_4_Height.png using Guid(de0d10141886b464b817ca4fd1cf3641) Importer(2089858483,0ecaa5967403d082aa24f35e1b516d23) Generated GUIDs only implemented for interfaces!
 -> (artifact id: '681fab71cd3ee24ca30e446bfba61088') in 0.030386 seconds 
========================================================================
Received Import Request.
  Time since last request: 0.000020 seconds.
  path: Assets/Game Buffs/Free Stylized Textures/Textures/Dirty_Snow_2/Dirty_Snow_2_AO.png
  artifactKey: Guid(0b2edc2780f21e24aa8f8fe5d530a058) Importer(2089858483,0ecaa5967403d082aa24f35e1b516d23)
Start importing Assets/Game Buffs/Free Stylized Textures/Textures/Dirty_Snow_2/Dirty_Snow_2_AO.png using Guid(0b2edc2780f21e24aa8f8fe5d530a058) Importer(2089858483,0ecaa5967403d082aa24f35e1b516d23) Generated GUIDs only implemented for interfaces!
 -> (artifact id: 'daf4d9ae0ed8dbb89c539d6e3ea1a31e') in 0.020204 seconds 
========================================================================
Received Import Request.
  Time since last request: 0.000023 seconds.
  path: Assets/Game Buffs/Free Stylized Textures/Textures/Cracked_Concrete_26/Cracked_Concrete_26_Normal.png
  artifactKey: Guid(5876caaab08d1f541a4e5711c5a7f791) Importer(2089858483,0ecaa5967403d082aa24f35e1b516d23)
Start importing Assets/Game Buffs/Free Stylized Textures/Textures/Cracked_Concrete_26/Cracked_Concrete_26_Normal.png using Guid(5876caaab08d1f541a4e5711c5a7f791) Importer(2089858483,0ecaa5967403d082aa24f35e1b516d23) Generated GUIDs only implemented for interfaces!
 -> (artifact id: '114f9b2d495d40cfdcc0129a2dfbcfc2') in 0.022512 seconds 
========================================================================
Received Import Request.
  Time since last request: 0.000029 seconds.
  path: Assets/Game Buffs/Free Stylized Textures/Textures/Crystal_Surface_1/Crystal_Surface_1_AO.png
  artifactKey: Guid(f1da6b416cf0cf94daf24e1428b6548d) Importer(2089858483,0ecaa5967403d082aa24f35e1b516d23)
Start importing Assets/Game Buffs/Free Stylized Textures/Textures/Crystal_Surface_1/Crystal_Surface_1_AO.png using Guid(f1da6b416cf0cf94daf24e1428b6548d) Importer(2089858483,0ecaa5967403d082aa24f35e1b516d23) Generated GUIDs only implemented for interfaces!
 -> (artifact id: 'a777427fb9eaa4383609ae2eecfd22fe') in 0.019267 seconds 
========================================================================
Received Import Request.
  Time since last request: 0.000045 seconds.
  path: Assets/Game Buffs/Free Stylized Textures/Textures/Cracked_Concrete_26/Cracked_Concrete_26_Metallic.png
  artifactKey: Guid(c4630ba422aef014f8abb0c6f90dc42d) Importer(2089858483,0ecaa5967403d082aa24f35e1b516d23)
Start importing Assets/Game Buffs/Free Stylized Textures/Textures/Cracked_Concrete_26/Cracked_Concrete_26_Metallic.png using Guid(c4630ba422aef014f8abb0c6f90dc42d) Importer(2089858483,0ecaa5967403d082aa24f35e1b516d23) Generated GUIDs only implemented for interfaces!
 -> (artifact id: '62f0b654824122e759efedb66742ab3d') in 0.050535 seconds 
========================================================================
Received Import Request.
  Time since last request: 0.000025 seconds.
  path: Assets/BasAssetStore/LowPolyVillage/Prefabs/Field/Corn_Field.prefab
  artifactKey: Guid(0468f27d1edbdac47ac2c1f1af58674a) Importer(2089858483,0ecaa5967403d082aa24f35e1b516d23)
Start importing Assets/BasAssetStore/LowPolyVillage/Prefabs/Field/Corn_Field.prefab using Guid(0468f27d1edbdac47ac2c1f1af58674a) Importer(2089858483,0ecaa5967403d082aa24f35e1b516d23) Generated GUIDs only implemented for interfaces!
 -> (artifact id: '3ccd889413e915565fb20968a2bcae33') in 0.033175 seconds 
========================================================================
Received Import Request.
  Time since last request: 0.000056 seconds.
  path: Assets/Game Buffs/Free Stylized Textures/Textures/Muddy_Cracked_Sand_6/NewLayer 1.terrainlayer
  artifactKey: Guid(c469fcfe7a21d104e8fa7c4df4a19a5c) Importer(2089858483,0ecaa5967403d082aa24f35e1b516d23)
Start importing Assets/Game Buffs/Free Stylized Textures/Textures/Muddy_Cracked_Sand_6/NewLayer 1.terrainlayer using Guid(c469fcfe7a21d104e8fa7c4df4a19a5c) Importer(2089858483,0ecaa5967403d082aa24f35e1b516d23) Generated GUIDs only implemented for interfaces!
 -> (artifact id: 'f2ae119309d39a8f4bd686471c3da2c1') in 0.029480 seconds 
========================================================================
Received Import Request.
  Time since last request: 0.000026 seconds.
  path: Assets/Game Buffs/Free Stylized Textures/Textures/Lava_And_Pavement_2/Lava_And_Pavement_2.mat
  artifactKey: Guid(12bd869fddb94c94e83a827a81ac1167) Importer(2089858483,0ecaa5967403d082aa24f35e1b516d23)
Start importing Assets/Game Buffs/Free Stylized Textures/Textures/Lava_And_Pavement_2/Lava_And_Pavement_2.mat using Guid(12bd869fddb94c94e83a827a81ac1167) Importer(2089858483,0ecaa5967403d082aa24f35e1b516d23) Generated GUIDs only implemented for interfaces!
 -> (artifact id: '5cd1340ae1ef7a85994608fc12f5ae54') in 0.114696 seconds 
========================================================================
Received Import Request.
  Time since last request: 0.000023 seconds.
  path: Assets/Game Buffs/Free Stylized Textures/Textures/Muddy_Cracked_Sand_6/Muddy_Cracked_Sand_6_Metallic.png
  artifactKey: Guid(46f5327fc4dab7a45b6647027d38ed97) Importer(2089858483,0ecaa5967403d082aa24f35e1b516d23)
Start importing Assets/Game Buffs/Free Stylized Textures/Textures/Muddy_Cracked_Sand_6/Muddy_Cracked_Sand_6_Metallic.png using Guid(46f5327fc4dab7a45b6647027d38ed97) Importer(2089858483,0ecaa5967403d082aa24f35e1b516d23) Generated GUIDs only implemented for interfaces!
 -> (artifact id: 'c05b640a539bd7a303e7e14f927ee2a7') in 0.032707 seconds 
========================================================================
Received Import Request.
  Time since last request: 0.000039 seconds.
  path: Assets/Game Buffs/Free Stylized Textures/Textures/Lava_And_Pavement_2/Lava_And_Pavement_2_Normal.png
  artifactKey: Guid(ea3640b0da7d1c44ebb45b7c9dd93e7a) Importer(2089858483,0ecaa5967403d082aa24f35e1b516d23)
Start importing Assets/Game Buffs/Free Stylized Textures/Textures/Lava_And_Pavement_2/Lava_And_Pavement_2_Normal.png using Guid(ea3640b0da7d1c44ebb45b7c9dd93e7a) Importer(2089858483,0ecaa5967403d082aa24f35e1b516d23) Generated GUIDs only implemented for interfaces!
 -> (artifact id: '0635153d3d7920311cf0c70e9d49a886') in 0.020465 seconds 
========================================================================
Received Import Request.
  Time since last request: 0.000028 seconds.
  path: Assets/Game Buffs/Free Stylized Textures/Textures/Fur_3/Fur_3_Height.png
  artifactKey: Guid(6dd0d465557f4bc45a8723bcf3154c18) Importer(2089858483,0ecaa5967403d082aa24f35e1b516d23)
Start importing Assets/Game Buffs/Free Stylized Textures/Textures/Fur_3/Fur_3_Height.png using Guid(6dd0d465557f4bc45a8723bcf3154c18) Importer(2089858483,0ecaa5967403d082aa24f35e1b516d23) Generated GUIDs only implemented for interfaces!
 -> (artifact id: 'fe9a621e7715826456b8e2cdad8d30c5') in 0.027849 seconds 
========================================================================
Received Import Request.
  Time since last request: 0.000028 seconds.
  path: Assets/Game Buffs/Free Stylized Textures/Textures/Fur_3/Fur_3_Roughness.png
  artifactKey: Guid(605333c64a99406418d990d491a99807) Importer(2089858483,0ecaa5967403d082aa24f35e1b516d23)
Start importing Assets/Game Buffs/Free Stylized Textures/Textures/Fur_3/Fur_3_Roughness.png using Guid(605333c64a99406418d990d491a99807) Importer(2089858483,0ecaa5967403d082aa24f35e1b516d23) Generated GUIDs only implemented for interfaces!
 -> (artifact id: 'f6f9d687320c592c3a68e10076d6116a') in 0.079746 seconds 
========================================================================
Received Import Request.
  Time since last request: 0.000019 seconds.
  path: Assets/Game Buffs/Free Stylized Textures/Textures/Grass_37/Grass_37_Height.png
  artifactKey: Guid(5278dcba36c1d8046956666977cacc6e) Importer(2089858483,0ecaa5967403d082aa24f35e1b516d23)
Start importing Assets/Game Buffs/Free Stylized Textures/Textures/Grass_37/Grass_37_Height.png using Guid(5278dcba36c1d8046956666977cacc6e) Importer(2089858483,0ecaa5967403d082aa24f35e1b516d23) Generated GUIDs only implemented for interfaces!
 -> (artifact id: 'f85d23bda31f5fc16ec50100b4334c29') in 0.026500 seconds 
========================================================================
Received Import Request.
  Time since last request: 0.000022 seconds.
  path: Assets/Game Buffs/Free Stylized Textures/Textures/Muddy_Cracked_Sand_6/Muddy_Cracked_Sand_6_Normal.png
  artifactKey: Guid(43a8f93c093f6da49808abc2079a9817) Importer(2089858483,0ecaa5967403d082aa24f35e1b516d23)
Start importing Assets/Game Buffs/Free Stylized Textures/Textures/Muddy_Cracked_Sand_6/Muddy_Cracked_Sand_6_Normal.png using Guid(43a8f93c093f6da49808abc2079a9817) Importer(2089858483,0ecaa5967403d082aa24f35e1b516d23) Generated GUIDs only implemented for interfaces!
 -> (artifact id: '7d027926bbd8325f1da8ffac51bbc0a5') in 0.022559 seconds 
========================================================================
Received Import Request.
  Time since last request: 0.000022 seconds.
  path: Assets/Game Buffs/Free Stylized Textures/Textures/Marble_Surface_20/Marble_Surface_20.mat
  artifactKey: Guid(474f0e87721a52b4b9616d6d748ac58c) Importer(2089858483,0ecaa5967403d082aa24f35e1b516d23)
Start importing Assets/Game Buffs/Free Stylized Textures/Textures/Marble_Surface_20/Marble_Surface_20.mat using Guid(474f0e87721a52b4b9616d6d748ac58c) Importer(2089858483,0ecaa5967403d082aa24f35e1b516d23) Generated GUIDs only implemented for interfaces!
 -> (artifact id: 'f393eb3871b4564502b7b600912f7c9d') in 0.044462 seconds 
========================================================================
Received Import Request.
  Time since last request: 0.000031 seconds.
  path: Assets/Robot/Textures/jammo_eyes.png
  artifactKey: Guid(09beef63c41c25b458d2f95fdfd9e0e5) Importer(2089858483,0ecaa5967403d082aa24f35e1b516d23)
Start importing Assets/Robot/Textures/jammo_eyes.png using Guid(09beef63c41c25b458d2f95fdfd9e0e5) Importer(2089858483,0ecaa5967403d082aa24f35e1b516d23) Generated GUIDs only implemented for interfaces!
 -> (artifact id: '4c500e555019a24f50f56ed326af8a37') in 0.014189 seconds 
========================================================================
Received Import Request.
  Time since last request: 0.000036 seconds.
  path: Assets/Game Buffs/Free Stylized Textures/Textures/Pavement_7/Pavement_7_Metallic.png
  artifactKey: Guid(ffa3922b24e92274494342442ebd550d) Importer(2089858483,0ecaa5967403d082aa24f35e1b516d23)
Start importing Assets/Game Buffs/Free Stylized Textures/Textures/Pavement_7/Pavement_7_Metallic.png using Guid(ffa3922b24e92274494342442ebd550d) Importer(2089858483,0ecaa5967403d082aa24f35e1b516d23) Generated GUIDs only implemented for interfaces!
 -> (artifact id: '1c6fdcab2497f54da88466b25dcdb6a1') in 0.029574 seconds 
========================================================================
Received Import Request.
  Time since last request: 0.000038 seconds.
  path: Assets/Game Buffs/Free Stylized Textures/Textures/Rocky_Dirt_2/Rocky_Dirt_2_Height.png
  artifactKey: Guid(57fa5203cf2f7c042bf81d6b8d57a43b) Importer(2089858483,0ecaa5967403d082aa24f35e1b516d23)
Start importing Assets/Game Buffs/Free Stylized Textures/Textures/Rocky_Dirt_2/Rocky_Dirt_2_Height.png using Guid(57fa5203cf2f7c042bf81d6b8d57a43b) Importer(2089858483,0ecaa5967403d082aa24f35e1b516d23) Generated GUIDs only implemented for interfaces!
 -> (artifact id: '3d445906864198f14d980d7d56d20dac') in 0.025029 seconds 
========================================================================
Received Import Request.
  Time since last request: 0.000032 seconds.
  path: Assets/Game Buffs/Free Stylized Textures/Textures/Rippled_Sand_2/Rippled_Sand_2_AO.png
  artifactKey: Guid(ed42eb536aa04544c8e30d56f5fee177) Importer(2089858483,0ecaa5967403d082aa24f35e1b516d23)
Start importing Assets/Game Buffs/Free Stylized Textures/Textures/Rippled_Sand_2/Rippled_Sand_2_AO.png using Guid(ed42eb536aa04544c8e30d56f5fee177) Importer(2089858483,0ecaa5967403d082aa24f35e1b516d23) Generated GUIDs only implemented for interfaces!
 -> (artifact id: '78855d5382ba95854de8c2c87710db89') in 0.117093 seconds 
========================================================================
Received Import Request.
  Time since last request: 0.000022 seconds.
  path: Assets/Game Buffs/Free Stylized Textures/Textures/Pavement_7/Pavement_7_Height.png
  artifactKey: Guid(00ad158c9ada0da48be4ec1c27480622) Importer(2089858483,0ecaa5967403d082aa24f35e1b516d23)
Start importing Assets/Game Buffs/Free Stylized Textures/Textures/Pavement_7/Pavement_7_Height.png using Guid(00ad158c9ada0da48be4ec1c27480622) Importer(2089858483,0ecaa5967403d082aa24f35e1b516d23) Generated GUIDs only implemented for interfaces!
 -> (artifact id: '1549a7601481c7b261161964e2d6aa1d') in 0.027408 seconds 
========================================================================
Received Import Request.
  Time since last request: 0.000034 seconds.
  path: Assets/Game Buffs/Free Stylized Textures/Textures/Pavement_7/Pavement_7_AO.png
  artifactKey: Guid(29e25a8a54857b64ab091ef868e574d7) Importer(2089858483,0ecaa5967403d082aa24f35e1b516d23)
Start importing Assets/Game Buffs/Free Stylized Textures/Textures/Pavement_7/Pavement_7_AO.png using Guid(29e25a8a54857b64ab091ef868e574d7) Importer(2089858483,0ecaa5967403d082aa24f35e1b516d23) Generated GUIDs only implemented for interfaces!
 -> (artifact id: '7b7d182c7886854a4449fc7d80a26d79') in 0.025091 seconds 
========================================================================
Received Import Request.
  Time since last request: 0.000046 seconds.
  path: Assets/Game Buffs/Free Stylized Textures/Textures/Rocky_Dirt_2/Rocky_Dirt_2_Albedo.png
  artifactKey: Guid(8b1d20f6985bdee43b8ac257fdfaf324) Importer(2089858483,0ecaa5967403d082aa24f35e1b516d23)
Start importing Assets/Game Buffs/Free Stylized Textures/Textures/Rocky_Dirt_2/Rocky_Dirt_2_Albedo.png using Guid(8b1d20f6985bdee43b8ac257fdfaf324) Importer(2089858483,0ecaa5967403d082aa24f35e1b516d23) Generated GUIDs only implemented for interfaces!
 -> (artifact id: 'cca65e8b5d20a2a94e118a4a3b9ec79b') in 0.022002 seconds 
========================================================================
Received Import Request.
  Time since last request: 0.000032 seconds.
  path: Assets/Game Buffs/Free Stylized Textures/Textures/Rippled_Sand_2/Rippled_Sand_2_Normal.png
  artifactKey: Guid(017bb77055ea17b429037e5908389904) Importer(2089858483,0ecaa5967403d082aa24f35e1b516d23)
Start importing Assets/Game Buffs/Free Stylized Textures/Textures/Rippled_Sand_2/Rippled_Sand_2_Normal.png using Guid(017bb77055ea17b429037e5908389904) Importer(2089858483,0ecaa5967403d082aa24f35e1b516d23) Generated GUIDs only implemented for interfaces!
 -> (artifact id: '8f093a4c4be3f37e12e69beca6b2bd71') in 0.023855 seconds 
========================================================================
Received Import Request.
  Time since last request: 0.000026 seconds.
  path: Assets/Game Buffs/Free Stylized Textures/Textures/Rippled_Sand_2/Rippled_Sand_2_Height.png
  artifactKey: Guid(96478242ecf35a446be7d176731fdf5c) Importer(2089858483,0ecaa5967403d082aa24f35e1b516d23)
Start importing Assets/Game Buffs/Free Stylized Textures/Textures/Rippled_Sand_2/Rippled_Sand_2_Height.png using Guid(96478242ecf35a446be7d176731fdf5c) Importer(2089858483,0ecaa5967403d082aa24f35e1b516d23) Generated GUIDs only implemented for interfaces!
 -> (artifact id: '16eb07f8f4d5707adde84f4a7a2fec38') in 0.027204 seconds 
========================================================================
Received Import Request.
  Time since last request: 0.000029 seconds.
  path: Assets/Game Buffs/Free Stylized Textures/Textures/Rocky_Dirt_2/Rocky_Dirt_2_Metallic.png
  artifactKey: Guid(aa87b49b4125306458d007a38ff357d0) Importer(2089858483,0ecaa5967403d082aa24f35e1b516d23)
Start importing Assets/Game Buffs/Free Stylized Textures/Textures/Rocky_Dirt_2/Rocky_Dirt_2_Metallic.png using Guid(aa87b49b4125306458d007a38ff357d0) Importer(2089858483,0ecaa5967403d082aa24f35e1b516d23) Generated GUIDs only implemented for interfaces!
 -> (artifact id: '945294c16d8841878e69f522bc738602') in 0.020024 seconds 
========================================================================
Received Import Request.
  Time since last request: 0.000037 seconds.
  path: Assets/Game Buffs/Free Stylized Textures/Textures/Pavement_7/Pavement_7_Albedo.png
  artifactKey: Guid(2c2c20779f196ec4f8c598547c19cb67) Importer(2089858483,0ecaa5967403d082aa24f35e1b516d23)
Start importing Assets/Game Buffs/Free Stylized Textures/Textures/Pavement_7/Pavement_7_Albedo.png using Guid(2c2c20779f196ec4f8c598547c19cb67) Importer(2089858483,0ecaa5967403d082aa24f35e1b516d23) Generated GUIDs only implemented for interfaces!
 -> (artifact id: '808a71175d658ae3b4cbec7ac80c790f') in 0.019801 seconds 
========================================================================
Received Import Request.
  Time since last request: 0.000025 seconds.
  path: Assets/Game Buffs/Free Stylized Textures/Textures/Rippled_Sand_2/Rippled_Sand_2_Mask.png
  artifactKey: Guid(b8cb36d976948ee4db8964941cf5a204) Importer(2089858483,0ecaa5967403d082aa24f35e1b516d23)
Start importing Assets/Game Buffs/Free Stylized Textures/Textures/Rippled_Sand_2/Rippled_Sand_2_Mask.png using Guid(b8cb36d976948ee4db8964941cf5a204) Importer(2089858483,0ecaa5967403d082aa24f35e1b516d23) Generated GUIDs only implemented for interfaces!
 -> (artifact id: '0e84981a594c0c987f44f421b9c63aa5') in 0.018310 seconds 
========================================================================
Received Import Request.
  Time since last request: 0.000024 seconds.
  path: Assets/BrokenVector/LowPolyTreePack/Prefabs/Tree Type2 01.prefab
  artifactKey: Guid(78c29697749a6d44e964f9a0cf83d77a) Importer(2089858483,0ecaa5967403d082aa24f35e1b516d23)
Start importing Assets/BrokenVector/LowPolyTreePack/Prefabs/Tree Type2 01.prefab using Guid(78c29697749a6d44e964f9a0cf83d77a) Importer(2089858483,0ecaa5967403d082aa24f35e1b516d23) Generated GUIDs only implemented for interfaces!
 -> (artifact id: '05dd72b588b5fca986762eb7a43e6d5f') in 0.018994 seconds 
========================================================================
Received Import Request.
  Time since last request: 0.000025 seconds.
  path: Assets/BasAssetStore/LowPolyVillage/Meshes/House/House_01.fbx
  artifactKey: Guid(84e8cd7ad90e36640a7622f29c47d853) Importer(2089858483,0ecaa5967403d082aa24f35e1b516d23)
Start importing Assets/BasAssetStore/LowPolyVillage/Meshes/House/House_01.fbx using Guid(84e8cd7ad90e36640a7622f29c47d853) Importer(2089858483,0ecaa5967403d082aa24f35e1b516d23) Generated GUIDs only implemented for interfaces!
 -> (artifact id: 'cf15984d74da6d70a413dfb9de3ce031') in 0.036111 seconds 
========================================================================
Received Import Request.
  Time since last request: 0.000035 seconds.
  path: Assets/Game Buffs/Free Stylized Textures/Textures/Underwater_Rock_Surface_3/Underwater_Rock_Surface_3_Albedo.png
  artifactKey: Guid(2e55762741509f84fa0a2cc8b48beabc) Importer(2089858483,0ecaa5967403d082aa24f35e1b516d23)
Start importing Assets/Game Buffs/Free Stylized Textures/Textures/Underwater_Rock_Surface_3/Underwater_Rock_Surface_3_Albedo.png using Guid(2e55762741509f84fa0a2cc8b48beabc) Importer(2089858483,0ecaa5967403d082aa24f35e1b516d23) Generated GUIDs only implemented for interfaces!
 -> (artifact id: '5c63267786f2482abb6e7d5d03072f92') in 0.023886 seconds 
========================================================================
Received Import Request.
  Time since last request: 0.000027 seconds.
  path: Assets/Polytope Studio/Lowpoly_Demos/Environment_Free/Helpers/PT_Medieval_Village_Fence_05 1.fbx
  artifactKey: Guid(b0a55ec4196e89646866778d4a9990bd) Importer(2089858483,0ecaa5967403d082aa24f35e1b516d23)
Start importing Assets/Polytope Studio/Lowpoly_Demos/Environment_Free/Helpers/PT_Medieval_Village_Fence_05 1.fbx using Guid(b0a55ec4196e89646866778d4a9990bd) Importer(2089858483,0ecaa5967403d082aa24f35e1b516d23) Generated GUIDs only implemented for interfaces!
 -> (artifact id: '325e68c34a466f1d00f106c4c2f11dcf') in 0.021928 seconds 
========================================================================
Received Import Request.
  Time since last request: 0.000023 seconds.
  path: Assets/Polytope Studio/Lowpoly_Demos/Environment_Free/Helpers/FENCE.prefab
  artifactKey: Guid(f16f39bd1be9d4140ad0cd32366b3c89) Importer(2089858483,0ecaa5967403d082aa24f35e1b516d23)
Start importing Assets/Polytope Studio/Lowpoly_Demos/Environment_Free/Helpers/FENCE.prefab using Guid(f16f39bd1be9d4140ad0cd32366b3c89) Importer(2089858483,0ecaa5967403d082aa24f35e1b516d23) Generated GUIDs only implemented for interfaces!
 -> (artifact id: '59eec80dabcf30c549e86c29b18c5e41') in 0.017457 seconds 
========================================================================
Received Import Request.
  Time since last request: 0.000023 seconds.
  path: Assets/Game Buffs/Free Stylized Textures/Textures/Underwater_Rock_Surface_3/Underwater_Rock_Surface_3.mat
  artifactKey: Guid(c4808a442c4429146b8036a0ed4b9f79) Importer(2089858483,0ecaa5967403d082aa24f35e1b516d23)
Start importing Assets/Game Buffs/Free Stylized Textures/Textures/Underwater_Rock_Surface_3/Underwater_Rock_Surface_3.mat using Guid(c4808a442c4429146b8036a0ed4b9f79) Importer(2089858483,0ecaa5967403d082aa24f35e1b516d23) Generated GUIDs only implemented for interfaces!
 -> (artifact id: '9513b0599fd3b50ce3d9190f0650ded4') in 0.124919 seconds 
========================================================================
Received Import Request.
  Time since last request: 0.000028 seconds.
  path: Assets/Game Buffs/Free Stylized Textures/Textures/Water_6/Water_6_AO.png
  artifactKey: Guid(6fadb82ec75b087459b736a5b2b258fd) Importer(2089858483,0ecaa5967403d082aa24f35e1b516d23)
Start importing Assets/Game Buffs/Free Stylized Textures/Textures/Water_6/Water_6_AO.png using Guid(6fadb82ec75b087459b736a5b2b258fd) Importer(2089858483,0ecaa5967403d082aa24f35e1b516d23) Generated GUIDs only implemented for interfaces!
 -> (artifact id: '4a1229a733f28c14e90f63c7e9aeee61') in 0.046305 seconds 
========================================================================
Received Import Request.
  Time since last request: 0.000031 seconds.
  path: Assets/IgniteCoders/Simple Water Shader/Info/Scripts/Readme.cs
  artifactKey: Guid(fcf7219bab7fe46a1ad266029b2fee19) Importer(2089858483,0ecaa5967403d082aa24f35e1b516d23)
Start importing Assets/IgniteCoders/Simple Water Shader/Info/Scripts/Readme.cs using Guid(fcf7219bab7fe46a1ad266029b2fee19) Importer(2089858483,0ecaa5967403d082aa24f35e1b516d23) Generated GUIDs only implemented for interfaces!
 -> (artifact id: '6ce33d25d14a220fb84604d0387338e9') in 0.008419 seconds 
========================================================================
Received Import Request.
  Time since last request: 0.000021 seconds.
  path: Assets/Game Buffs/Free Stylized Textures/Textures/Water_6/Water_6.mat
  artifactKey: Guid(7d53f22039b5eba47b74dccdc78bc951) Importer(2089858483,0ecaa5967403d082aa24f35e1b516d23)
Start importing Assets/Game Buffs/Free Stylized Textures/Textures/Water_6/Water_6.mat using Guid(7d53f22039b5eba47b74dccdc78bc951) Importer(2089858483,0ecaa5967403d082aa24f35e1b516d23) Generated GUIDs only implemented for interfaces!
 -> (artifact id: '216cd34c9b6c821586f34548b77b104d') in 0.033901 seconds 
========================================================================
Received Import Request.
  Time since last request: 0.000040 seconds.
  path: Assets/Game Buffs/Free Stylized Textures/Textures/Underwater_Rock_Surface_3/Underwater_Rock_Surface_3_Normal.png
  artifactKey: Guid(5c1d954e2c165d342b95cbd42d4ee1b4) Importer(2089858483,0ecaa5967403d082aa24f35e1b516d23)
Start importing Assets/Game Buffs/Free Stylized Textures/Textures/Underwater_Rock_Surface_3/Underwater_Rock_Surface_3_Normal.png using Guid(5c1d954e2c165d342b95cbd42d4ee1b4) Importer(2089858483,0ecaa5967403d082aa24f35e1b516d23) Generated GUIDs only implemented for interfaces!
 -> (artifact id: '5106e0bfd8fa25c6f9e477654b1a7fa1') in 0.020406 seconds 
========================================================================
Received Import Request.
  Time since last request: 0.000024 seconds.
  path: Assets/Polytope Studio/Lowpoly_Demos/Environment_Free/Helpers/PT_Generic_Tree_Leaves_mat 1.mat
  artifactKey: Guid(e58dbc3582eb6ff41b1bbd8a11960175) Importer(2089858483,0ecaa5967403d082aa24f35e1b516d23)
Start importing Assets/Polytope Studio/Lowpoly_Demos/Environment_Free/Helpers/PT_Generic_Tree_Leaves_mat 1.mat using Guid(e58dbc3582eb6ff41b1bbd8a11960175) Importer(2089858483,0ecaa5967403d082aa24f35e1b516d23) Generated GUIDs only implemented for interfaces!
 -> (artifact id: '5f90ae40d3fa5399fc521ea45ceb9896') in 0.111514 seconds 
========================================================================
Received Import Request.
  Time since last request: 0.000024 seconds.
  path: Assets/Polytope Studio/Lowpoly_Environments/Prefabs/Rocks/PT_Ore_Rock_01_split.prefab
  artifactKey: Guid(4202bcf0261b7184381139880446dfd6) Importer(2089858483,0ecaa5967403d082aa24f35e1b516d23)
Start importing Assets/Polytope Studio/Lowpoly_Environments/Prefabs/Rocks/PT_Ore_Rock_01_split.prefab using Guid(4202bcf0261b7184381139880446dfd6) Importer(2089858483,0ecaa5967403d082aa24f35e1b516d23) Generated GUIDs only implemented for interfaces!
 -> (artifact id: '46505baa9343650564be4082a5c9deac') in 0.018743 seconds 
========================================================================
Received Import Request.
  Time since last request: 0.000030 seconds.
  path: Assets/Polytope Studio/Lowpoly_Environments/Sources/Materials/PT_Skybox_mat.mat
  artifactKey: Guid(59573b088aaea0442bf29e0a0e9d1339) Importer(2089858483,0ecaa5967403d082aa24f35e1b516d23)
Start importing Assets/Polytope Studio/Lowpoly_Environments/Sources/Materials/PT_Skybox_mat.mat using Guid(59573b088aaea0442bf29e0a0e9d1339) Importer(2089858483,0ecaa5967403d082aa24f35e1b516d23) Generated GUIDs only implemented for interfaces!
 -> (artifact id: '59d11cbb32ce4cd948415d23c50a2d00') in 0.042843 seconds 
========================================================================
Received Import Request.
  Time since last request: 0.000025 seconds.
  path: Assets/Polytope Studio/Lowpoly_Environments/Sources/Materials/PT_Fruit_Tree_Opaque_mat.mat
  artifactKey: Guid(3922c043c1c52cb47a7b1bfed562a4b6) Importer(2089858483,0ecaa5967403d082aa24f35e1b516d23)
Start importing Assets/Polytope Studio/Lowpoly_Environments/Sources/Materials/PT_Fruit_Tree_Opaque_mat.mat using Guid(3922c043c1c52cb47a7b1bfed562a4b6) Importer(2089858483,0ecaa5967403d082aa24f35e1b516d23) Generated GUIDs only implemented for interfaces!
 -> (artifact id: '691fb910862b9450c0f7d88f58df2565') in 0.045410 seconds 
========================================================================
Received Import Request.
  Time since last request: 0.000022 seconds.
  path: Assets/Polytope Studio/Lowpoly_Environments/Sources/Materials/PT_Rocks_mat.mat
  artifactKey: Guid(93415edde47040648869ae6638d33ced) Importer(2089858483,0ecaa5967403d082aa24f35e1b516d23)
Start importing Assets/Polytope Studio/Lowpoly_Environments/Sources/Materials/PT_Rocks_mat.mat using Guid(93415edde47040648869ae6638d33ced) Importer(2089858483,0ecaa5967403d082aa24f35e1b516d23) Generated GUIDs only implemented for interfaces!
 -> (artifact id: 'b4fa5b98555450c81c3f1efad52be8df') in 0.105381 seconds 
========================================================================
Received Import Request.
  Time since last request: 0.000028 seconds.
  path: Assets/Polytope Studio/Lowpoly_Environments/Prefabs/Mushrooms/PT_Caesars_Mushroom_01.prefab
  artifactKey: Guid(5228c984e5be7284d8d83c18096254dd) Importer(2089858483,0ecaa5967403d082aa24f35e1b516d23)
Start importing Assets/Polytope Studio/Lowpoly_Environments/Prefabs/Mushrooms/PT_Caesars_Mushroom_01.prefab using Guid(5228c984e5be7284d8d83c18096254dd) Importer(2089858483,0ecaa5967403d082aa24f35e1b516d23) Generated GUIDs only implemented for interfaces!
 -> (artifact id: '8da9b434fbb34cdd8a0ff1773d559f79') in 0.026531 seconds 
========================================================================
Received Import Request.
  Time since last request: 0.000045 seconds.
  path: Assets/Polytope Studio/Lowpoly_Environments/Prefabs/Trees/PT_Fruit_Tree_01_green.prefab
  artifactKey: Guid(c31bf8ec8e29cd74f9fb9a970fde7a53) Importer(2089858483,0ecaa5967403d082aa24f35e1b516d23)
Start importing Assets/Polytope Studio/Lowpoly_Environments/Prefabs/Trees/PT_Fruit_Tree_01_green.prefab using Guid(c31bf8ec8e29cd74f9fb9a970fde7a53) Importer(2089858483,0ecaa5967403d082aa24f35e1b516d23) Generated GUIDs only implemented for interfaces!
 -> (artifact id: '750f4087394ce255c90e8fd06925a52f') in 0.019150 seconds 
========================================================================
Received Import Request.
  Time since last request: 0.000027 seconds.
  path: Assets/Polytope Studio/Lowpoly_Demos/Environment_Free/Helpers/PT_texture_W_Alpha.tga
  artifactKey: Guid(2ecc9db50bbb86541a9808dc9d75eb02) Importer(2089858483,0ecaa5967403d082aa24f35e1b516d23)
Start importing Assets/Polytope Studio/Lowpoly_Demos/Environment_Free/Helpers/PT_texture_W_Alpha.tga using Guid(2ecc9db50bbb86541a9808dc9d75eb02) Importer(2089858483,0ecaa5967403d082aa24f35e1b516d23) Generated GUIDs only implemented for interfaces!
 -> (artifact id: '55e4716ef254bfaec5c1a3c1fc121153') in 0.022904 seconds 
========================================================================
Received Import Request.
  Time since last request: 0.000025 seconds.
  path: Assets/Polytope Studio/Lowpoly_Environments/Sources/Materials/PT_Grass_Mat.mat
  artifactKey: Guid(09473d06882d1414b84b1fdb7a095516) Importer(2089858483,0ecaa5967403d082aa24f35e1b516d23)
Start importing Assets/Polytope Studio/Lowpoly_Environments/Sources/Materials/PT_Grass_Mat.mat using Guid(09473d06882d1414b84b1fdb7a095516) Importer(2089858483,0ecaa5967403d082aa24f35e1b516d23) Generated GUIDs only implemented for interfaces!
 -> (artifact id: '9123909fc228d449969bf66776788af1') in 0.014091 seconds 
========================================================================
Received Import Request.
  Time since last request: 0.000025 seconds.
  path: Assets/Polytope Studio/Lowpoly_Environments/Prefabs/Trees/PT_Pine_Tree_03_dead.prefab
  artifactKey: Guid(c7827efbbf7212f42803476ce3f9d082) Importer(2089858483,0ecaa5967403d082aa24f35e1b516d23)
Start importing Assets/Polytope Studio/Lowpoly_Environments/Prefabs/Trees/PT_Pine_Tree_03_dead.prefab using Guid(c7827efbbf7212f42803476ce3f9d082) Importer(2089858483,0ecaa5967403d082aa24f35e1b516d23) Generated GUIDs only implemented for interfaces!
 -> (artifact id: '1e5b93e97db2248eb2ffe482baa321f3') in 0.018325 seconds 
========================================================================
Received Import Request.
  Time since last request: 0.000026 seconds.
  path: Assets/Polytope Studio/Lowpoly_Environments/Sources/Materials/PT_Generic_Tree_Trunk_mat.mat
  artifactKey: Guid(e6ce4253a748b0849a04b87f33cc539d) Importer(2089858483,0ecaa5967403d082aa24f35e1b516d23)
Start importing Assets/Polytope Studio/Lowpoly_Environments/Sources/Materials/PT_Generic_Tree_Trunk_mat.mat using Guid(e6ce4253a748b0849a04b87f33cc539d) Importer(2089858483,0ecaa5967403d082aa24f35e1b516d23) Generated GUIDs only implemented for interfaces!
 -> (artifact id: '6d382877890022d0beebf46b493b6f31') in 0.014966 seconds 
========================================================================
Received Import Request.
  Time since last request: 0.000026 seconds.
  path: Assets/Polytope Studio/Lowpoly_Environments/Prefabs/Trees/PT_Pine_Tree_03_green.prefab
  artifactKey: Guid(d250af4848f51154f9a2bf6a85b60ac2) Importer(2089858483,0ecaa5967403d082aa24f35e1b516d23)
Start importing Assets/Polytope Studio/Lowpoly_Environments/Prefabs/Trees/PT_Pine_Tree_03_green.prefab using Guid(d250af4848f51154f9a2bf6a85b60ac2) Importer(2089858483,0ecaa5967403d082aa24f35e1b516d23) Generated GUIDs only implemented for interfaces!
 -> (artifact id: 'ea432e5f4c423cd32f6b180d28a5fb94') in 0.017885 seconds 
========================================================================
Received Import Request.
  Time since last request: 0.000029 seconds.
  path: Assets/IgniteCoders/Simple Water Shader/Info/Icons/Water Shader icon.PNG
  artifactKey: Guid(766a7edc5f25e3b4daafb5554da17927) Importer(2089858483,0ecaa5967403d082aa24f35e1b516d23)
Start importing Assets/IgniteCoders/Simple Water Shader/Info/Icons/Water Shader icon.PNG using Guid(766a7edc5f25e3b4daafb5554da17927) Importer(2089858483,0ecaa5967403d082aa24f35e1b516d23) Generated GUIDs only implemented for interfaces!
 -> (artifact id: '4626458e922dc2aa323749f6e53699d8') in 0.017681 seconds 
========================================================================
Received Import Request.
  Time since last request: 0.000021 seconds.
  path: Assets/Polytope Studio/Lowpoly_Environments/Sources/Materials/PT_Water_mat.mat
  artifactKey: Guid(3e36df56c6fa5f64085c14d9d4f6f8d9) Importer(2089858483,0ecaa5967403d082aa24f35e1b516d23)
Start importing Assets/Polytope Studio/Lowpoly_Environments/Sources/Materials/PT_Water_mat.mat using Guid(3e36df56c6fa5f64085c14d9d4f6f8d9) Importer(2089858483,0ecaa5967403d082aa24f35e1b516d23) Generated GUIDs only implemented for interfaces!
 -> (artifact id: '10b69188226cc265156f388f1cbeed82') in 0.013245 seconds 
========================================================================
Received Import Request.
  Time since last request: 0.000031 seconds.
  path: Assets/Game Buffs/Free Stylized Textures/Textures/Underwater_Rock_Surface_3/Underwater_Rock_Surface_3_Metallic.png
  artifactKey: Guid(f7cf3a85d27e82c4f9ee9f659e1d0ce6) Importer(2089858483,0ecaa5967403d082aa24f35e1b516d23)
Start importing Assets/Game Buffs/Free Stylized Textures/Textures/Underwater_Rock_Surface_3/Underwater_Rock_Surface_3_Metallic.png using Guid(f7cf3a85d27e82c4f9ee9f659e1d0ce6) Importer(2089858483,0ecaa5967403d082aa24f35e1b516d23) Generated GUIDs only implemented for interfaces!
 -> (artifact id: '8263fb1b55ed1b806df22d9932489779') in 0.021257 seconds 
========================================================================
Received Import Request.
  Time since last request: 0.000031 seconds.
  path: Assets/Polytope Studio/Lowpoly_Environments/Sources/Textures/PT_Runes_02.png
  artifactKey: Guid(d329461fd2714384088c78ea5f4c2765) Importer(2089858483,0ecaa5967403d082aa24f35e1b516d23)
Start importing Assets/Polytope Studio/Lowpoly_Environments/Sources/Textures/PT_Runes_02.png using Guid(d329461fd2714384088c78ea5f4c2765) Importer(2089858483,0ecaa5967403d082aa24f35e1b516d23) Generated GUIDs only implemented for interfaces!
 -> (artifact id: '5f482aea91476ddea13eed6c12973e15') in 0.016544 seconds 
========================================================================
Received Import Request.
  Time since last request: 0.000029 seconds.
  path: Assets/IgniteCoders/Simple Water Shader/Info/Scripts/Editor/ReadmeEditor.cs
  artifactKey: Guid(476cc7d7cd9874016adc216baab94a0a) Importer(2089858483,0ecaa5967403d082aa24f35e1b516d23)
Start importing Assets/IgniteCoders/Simple Water Shader/Info/Scripts/Editor/ReadmeEditor.cs using Guid(476cc7d7cd9874016adc216baab94a0a) Importer(2089858483,0ecaa5967403d082aa24f35e1b516d23) Generated GUIDs only implemented for interfaces!
 -> (artifact id: '13e9631a545ff315738163b347138086') in 0.013131 seconds 
========================================================================
Received Import Request.
  Time since last request: 0.000025 seconds.
  path: Assets/Polytope Studio/Lowpoly_Demos/Environment_Free/Helpers/Terrain/TerrainData_c82c1fc5-a7ad-4f88-a7ff-c071a4dae8e5.asset
  artifactKey: Guid(d9f3564d21751d046890366f3fc55400) Importer(2089858483,0ecaa5967403d082aa24f35e1b516d23)
Start importing Assets/Polytope Studio/Lowpoly_Demos/Environment_Free/Helpers/Terrain/TerrainData_c82c1fc5-a7ad-4f88-a7ff-c071a4dae8e5.asset using Guid(d9f3564d21751d046890366f3fc55400) Importer(2089858483,0ecaa5967403d082aa24f35e1b516d23) Generated GUIDs only implemented for interfaces!
 -> (artifact id: 'fd70e4dda3a66abe3026b9345025c230') in 0.029334 seconds 
========================================================================
Received Import Request.
  Time since last request: 0.000034 seconds.
  path: Assets/Polytope Studio/Lowpoly_Environments/Sources/Textures/PT_Grass_01.png
  artifactKey: Guid(1b92b31acbcdce24ba9dc6d01dbc2e84) Importer(2089858483,0ecaa5967403d082aa24f35e1b516d23)
Start importing Assets/Polytope Studio/Lowpoly_Environments/Sources/Textures/PT_Grass_01.png using Guid(1b92b31acbcdce24ba9dc6d01dbc2e84) Importer(2089858483,0ecaa5967403d082aa24f35e1b516d23) Generated GUIDs only implemented for interfaces!
 -> (artifact id: '63ecb75961bbf9ee3e6b0998331d2364') in 0.015969 seconds 
========================================================================
Received Import Request.
  Time since last request: 0.000041 seconds.
  path: Assets/Polytope Studio/Lowpoly_Environments/Sources/Shaders/PT_Vegetation_Flowers_Shader.shader
  artifactKey: Guid(69e2e8c890f00e04e945ccd10e764372) Importer(2089858483,0ecaa5967403d082aa24f35e1b516d23)
Start importing Assets/Polytope Studio/Lowpoly_Environments/Sources/Shaders/PT_Vegetation_Flowers_Shader.shader using Guid(69e2e8c890f00e04e945ccd10e764372) Importer(2089858483,0ecaa5967403d082aa24f35e1b516d23) Generated GUIDs only implemented for interfaces!
 -> (artifact id: '398ec645c3634453fa3e2988bac867d8') in 0.023921 seconds 
========================================================================
Received Import Request.
  Time since last request: 0.000028 seconds.
  path: Assets/Polytope Studio/Lowpoly_Village/Sources/Materials/PT_mat.mat
  artifactKey: Guid(56532089e45dbc1479865e115cc8c637) Importer(2089858483,0ecaa5967403d082aa24f35e1b516d23)
Start importing Assets/Polytope Studio/Lowpoly_Village/Sources/Materials/PT_mat.mat using Guid(56532089e45dbc1479865e115cc8c637) Importer(2089858483,0ecaa5967403d082aa24f35e1b516d23) Generated GUIDs only implemented for interfaces!
 -> (artifact id: '094fff3e91d696c5a72547421de54802') in 0.010270 seconds 
========================================================================
Received Import Request.
  Time since last request: 0.000021 seconds.
  path: Assets/Polytope Studio/Lowpoly_Demos/Environment_Free/Helpers/Terrain/TerrainData_984456c3-d32f-475f-a118-27bb19f92a65.asset
  artifactKey: Guid(abd9fc8a29ea3f549bf82c3d3b8c843f) Importer(2089858483,0ecaa5967403d082aa24f35e1b516d23)
Start importing Assets/Polytope Studio/Lowpoly_Demos/Environment_Free/Helpers/Terrain/TerrainData_984456c3-d32f-475f-a118-27bb19f92a65.asset using Guid(abd9fc8a29ea3f549bf82c3d3b8c843f) Importer(2089858483,0ecaa5967403d082aa24f35e1b516d23) Generated GUIDs only implemented for interfaces!
 -> (artifact id: '6c05b0a50e329cf25e8df8833228f8d2') in 0.029666 seconds 
========================================================================
Received Import Request.
  Time since last request: 0.000021 seconds.
  path: Assets/Polytope Studio/Lowpoly_Environments/Sources/Textures/PT_Grass_High_02.png
  artifactKey: Guid(4781e48c31bdfb74da8ba377aea81283) Importer(2089858483,0ecaa5967403d082aa24f35e1b516d23)
Start importing Assets/Polytope Studio/Lowpoly_Environments/Sources/Textures/PT_Grass_High_02.png using Guid(4781e48c31bdfb74da8ba377aea81283) Importer(2089858483,0ecaa5967403d082aa24f35e1b516d23) Generated GUIDs only implemented for interfaces!
 -> (artifact id: '165a6c5434b70df4e45bd2f7821d78fd') in 0.021503 seconds 
========================================================================
Received Import Request.
  Time since last request: 0.000032 seconds.
  path: Assets/Polytope Studio/Lowpoly_Demos/Environment_Free/Helpers/Terrain/New Terrain.asset
  artifactKey: Guid(e0829138c40f356458f259edb063d67a) Importer(2089858483,0ecaa5967403d082aa24f35e1b516d23)
Start importing Assets/Polytope Studio/Lowpoly_Demos/Environment_Free/Helpers/Terrain/New Terrain.asset using Guid(e0829138c40f356458f259edb063d67a) Importer(2089858483,0ecaa5967403d082aa24f35e1b516d23) The tree PT_Pine_Tree_03_stump must use the Nature/Soft Occlusion shader. Otherwise billboarding/lighting will not work correctly.
UnityEngine.StackTraceUtility:ExtractStackTrace ()
UnityEditor.Search.AssetIndexer:IndexProperties (int&,string&,bool&)
UnityEditor.Search.AssetIndexer:IndexDocument (string,bool)
UnityEditor.Search.SearchIndexEntryImporter:OnImportAsset (UnityEditor.AssetImporters.AssetImportContext)
UnityEditor.AssetImporters.ScriptedImporter:GenerateAssetData (UnityEditor.AssetImporters.AssetImportContext)

[C:\buildslave\unity\build\Modules\Terrain\Public\TreeDatabase.cpp line 337]

The tree PT_Fruit_Tree_01_logs must use the Nature/Soft Occlusion shader. Otherwise billboarding/lighting will not work correctly.
UnityEngine.StackTraceUtility:ExtractStackTrace ()
UnityEditor.Search.AssetIndexer:IndexProperties (int&,string&,bool&)
UnityEditor.Search.AssetIndexer:IndexDocument (string,bool)
UnityEditor.Search.SearchIndexEntryImporter:OnImportAsset (UnityEditor.AssetImporters.AssetImportContext)
UnityEditor.AssetImporters.ScriptedImporter:GenerateAssetData (UnityEditor.AssetImporters.AssetImportContext)

[C:\buildslave\unity\build\Modules\Terrain\Public\TreeDatabase.cpp line 337]

Generated GUIDs only implemented for interfaces!
 -> (artifact id: 'c63b752115cae993aa32d1ec96a3d148') in 0.061352 seconds 
========================================================================
Received Import Request.
  Time since last request: 0.000041 seconds.
  path: Assets/Polytope Studio/Lowpoly_Environments/Sources/Textures/PT_Grass_High_03.png
  artifactKey: Guid(4d7ad2aaddf58dc4e8dc116239a8d744) Importer(2089858483,0ecaa5967403d082aa24f35e1b516d23)
Start importing Assets/Polytope Studio/Lowpoly_Environments/Sources/Textures/PT_Grass_High_03.png using Guid(4d7ad2aaddf58dc4e8dc116239a8d744) Importer(2089858483,0ecaa5967403d082aa24f35e1b516d23) Generated GUIDs only implemented for interfaces!
 -> (artifact id: '4b880f94d1dbda137b5a4363923c4585') in 0.022918 seconds 
========================================================================
Received Import Request.
  Time since last request: 0.000022 seconds.
  path: Assets/Polytope Studio/Lowpoly_Environments/Sources/Textures/PT_Pine_Tree_01.png
  artifactKey: Guid(47c82777887e3fc46bc141849b1b3ccb) Importer(2089858483,0ecaa5967403d082aa24f35e1b516d23)
Start importing Assets/Polytope Studio/Lowpoly_Environments/Sources/Textures/PT_Pine_Tree_01.png using Guid(47c82777887e3fc46bc141849b1b3ccb) Importer(2089858483,0ecaa5967403d082aa24f35e1b516d23) Generated GUIDs only implemented for interfaces!
 -> (artifact id: '4d3c80e9d491ba1f07307a5aa383fa0a') in 0.017027 seconds 
========================================================================
Received Import Request.
  Time since last request: 0.000025 seconds.
  path: Assets/Polytope Studio/Lowpoly_Environments/Sources/Textures/PT_Water_NM_01.png
  artifactKey: Guid(a78adb8868cccbe4a92d9d81db916e6e) Importer(2089858483,0ecaa5967403d082aa24f35e1b516d23)
Start importing Assets/Polytope Studio/Lowpoly_Environments/Sources/Textures/PT_Water_NM_01.png using Guid(a78adb8868cccbe4a92d9d81db916e6e) Importer(2089858483,0ecaa5967403d082aa24f35e1b516d23) Generated GUIDs only implemented for interfaces!
 -> (artifact id: 'af740849d9404dabfaca15debbc024e6') in 0.017969 seconds 
========================================================================
Received Import Request.
  Time since last request: 0.000033 seconds.
  path: Assets/Robot/Animations/Victory Idle.anim
  artifactKey: Guid(13a6028bbfeabbe4a91cb3339acabfa4) Importer(2089858483,0ecaa5967403d082aa24f35e1b516d23)
Start importing Assets/Robot/Animations/Victory Idle.anim using Guid(13a6028bbfeabbe4a91cb3339acabfa4) Importer(2089858483,0ecaa5967403d082aa24f35e1b516d23) Generated GUIDs only implemented for interfaces!
 -> (artifact id: '54713e022f4174211e28a4d926144faa') in 0.050381 seconds 
========================================================================
Received Import Request.
  Time since last request: 0.000027 seconds.
  path: Assets/BasAssetStore/LowPolyVillage/Meshes/Flowers/Flower_Purple.fbx
  artifactKey: Guid(d12aec1b32524ad47bf27a7e3f963003) Importer(2089858483,0ecaa5967403d082aa24f35e1b516d23)
Start importing Assets/BasAssetStore/LowPolyVillage/Meshes/Flowers/Flower_Purple.fbx using Guid(d12aec1b32524ad47bf27a7e3f963003) Importer(2089858483,0ecaa5967403d082aa24f35e1b516d23) Generated GUIDs only implemented for interfaces!
 -> (artifact id: '924b04cf283142da804f0cbc074a6656') in 0.025630 seconds 
========================================================================
Received Import Request.
  Time since last request: 0.000026 seconds.
  path: Assets/BrokenVector/LowPolyTreePack/Models/Tree Type0 06.dae
  artifactKey: Guid(58e56545a2d219944b78729eaa444a51) Importer(2089858483,0ecaa5967403d082aa24f35e1b516d23)
Start importing Assets/BrokenVector/LowPolyTreePack/Models/Tree Type0 06.dae using Guid(58e56545a2d219944b78729eaa444a51) Importer(2089858483,0ecaa5967403d082aa24f35e1b516d23) Generated GUIDs only implemented for interfaces!
 -> (artifact id: '367c6bcb210db9243d6a1ea02687ce89') in 0.025007 seconds 
========================================================================
Received Import Request.
  Time since last request: 0.000036 seconds.
  path: Assets/Polytope Studio/Lowpoly_Environments/Sources/Meshes/Shrubs/PT_Generic_Shrub_01_dead.fbx
  artifactKey: Guid(0101712be5ca1c7449afe15d548c8817) Importer(2089858483,0ecaa5967403d082aa24f35e1b516d23)
Start importing Assets/Polytope Studio/Lowpoly_Environments/Sources/Meshes/Shrubs/PT_Generic_Shrub_01_dead.fbx using Guid(0101712be5ca1c7449afe15d548c8817) Importer(2089858483,0ecaa5967403d082aa24f35e1b516d23) Generated GUIDs only implemented for interfaces!
 -> (artifact id: '35a9eff9d46035e933332e2a102ef64b') in 0.022393 seconds 
========================================================================
Received Import Request.
  Time since last request: 0.000037 seconds.
  path: Assets/Polytope Studio/Lowpoly_Environments/Sources/Meshes/Trees/PT_Fruit_Tree_01_stump.fbx
  artifactKey: Guid(f42a2ed0c78e45643bba339ed33235d4) Importer(2089858483,0ecaa5967403d082aa24f35e1b516d23)
Start importing Assets/Polytope Studio/Lowpoly_Environments/Sources/Meshes/Trees/PT_Fruit_Tree_01_stump.fbx using Guid(f42a2ed0c78e45643bba339ed33235d4) Importer(2089858483,0ecaa5967403d082aa24f35e1b516d23) Generated GUIDs only implemented for interfaces!
 -> (artifact id: '0b7700dca106df3ece643fea99ce46ce') in 0.014415 seconds 
========================================================================
Received Import Request.
  Time since last request: 0.000022 seconds.
  path: Assets/Polytope Studio/Lowpoly_Village/Sources/Meshes/Modular/Fence/PT_Modular_Fence_Wood_02.fbx
  artifactKey: Guid(b67d2b761d3397348831d776dbb33e03) Importer(2089858483,0ecaa5967403d082aa24f35e1b516d23)
Start importing Assets/Polytope Studio/Lowpoly_Village/Sources/Meshes/Modular/Fence/PT_Modular_Fence_Wood_02.fbx using Guid(b67d2b761d3397348831d776dbb33e03) Importer(2089858483,0ecaa5967403d082aa24f35e1b516d23) Generated GUIDs only implemented for interfaces!
 -> (artifact id: 'a4161ac56057a9e195e9260c8129fdf0') in 0.022177 seconds 
========================================================================
Received Import Request.
  Time since last request: 0.000026 seconds.
  path: Assets/Polytope Studio/Lowpoly_Village/Sources/Meshes/Modular/Bridge/PT_Wooden_Bridge_02.fbx
  artifactKey: Guid(06585c4a497d08f4591a54ccfdb05bcf) Importer(2089858483,0ecaa5967403d082aa24f35e1b516d23)
Start importing Assets/Polytope Studio/Lowpoly_Village/Sources/Meshes/Modular/Bridge/PT_Wooden_Bridge_02.fbx using Guid(06585c4a497d08f4591a54ccfdb05bcf) Importer(2089858483,0ecaa5967403d082aa24f35e1b516d23) Generated GUIDs only implemented for interfaces!
 -> (artifact id: '0658cb2fb5d2d0a967b8503822dc93fb') in 0.026608 seconds 
========================================================================
Received Import Request.
  Time since last request: 0.000025 seconds.
  path: Assets/Polytope Studio/Lowpoly_Environments/Sources/Meshes/Shrubs/PT_Generic_Shrub_01_green.fbx
  artifactKey: Guid(cc43ed905f6a9d24a86d3eb531265e85) Importer(2089858483,0ecaa5967403d082aa24f35e1b516d23)
Start importing Assets/Polytope Studio/Lowpoly_Environments/Sources/Meshes/Shrubs/PT_Generic_Shrub_01_green.fbx using Guid(cc43ed905f6a9d24a86d3eb531265e85) Importer(2089858483,0ecaa5967403d082aa24f35e1b516d23) Generated GUIDs only implemented for interfaces!
 -> (artifact id: 'c8cf0ab2d37102eff82c1b416b4dc1f3') in 0.023137 seconds 
========================================================================
Received Import Request.
  Time since last request: 0.000023 seconds.
  path: Assets/Polytope Studio/Lowpoly_Environments/Sources/Meshes/Trees/PT_Fruit_Tree_01_dead_cut.fbx
  artifactKey: Guid(ddcbcdd7a43212c4d86fe33f77dac074) Importer(2089858483,0ecaa5967403d082aa24f35e1b516d23)
Start importing Assets/Polytope Studio/Lowpoly_Environments/Sources/Meshes/Trees/PT_Fruit_Tree_01_dead_cut.fbx using Guid(ddcbcdd7a43212c4d86fe33f77dac074) Importer(2089858483,0ecaa5967403d082aa24f35e1b516d23) Generated GUIDs only implemented for interfaces!
 -> (artifact id: '1184b1e3e094edd7cc3589de0065783b') in 0.016107 seconds 
========================================================================
Received Import Request.
  Time since last request: 0.000027 seconds.
  path: Assets/Polytope Studio/Lowpoly_Village/Sources/Meshes/Modular/Fence/PT_Modular_Fence_Wood_03.fbx
  artifactKey: Guid(955f7ab7f12013b42b2aa2e494846f3a) Importer(2089858483,0ecaa5967403d082aa24f35e1b516d23)
Start importing Assets/Polytope Studio/Lowpoly_Village/Sources/Meshes/Modular/Fence/PT_Modular_Fence_Wood_03.fbx using Guid(955f7ab7f12013b42b2aa2e494846f3a) Importer(2089858483,0ecaa5967403d082aa24f35e1b516d23) Generated GUIDs only implemented for interfaces!
 -> (artifact id: '7ed67b0ffbe0606fdb4d0afa4d2ef0ba') in 0.020217 seconds 
========================================================================
Received Import Request.
  Time since last request: 0.000023 seconds.
  path: Assets/BasAssetStore/LowPolyVillage/Meshes/Barn/Barn_03.fbx
  artifactKey: Guid(07edbf81de4550f46aeb2bd3b2ce6706) Importer(2089858483,0ecaa5967403d082aa24f35e1b516d23)
Start importing Assets/BasAssetStore/LowPolyVillage/Meshes/Barn/Barn_03.fbx using Guid(07edbf81de4550f46aeb2bd3b2ce6706) Importer(2089858483,0ecaa5967403d082aa24f35e1b516d23) Generated GUIDs only implemented for interfaces!
 -> (artifact id: 'dca1679eb7e1215cd47e7c43c9e67b09') in 0.026863 seconds 
========================================================================
Received Import Request.
  Time since last request: 0.000028 seconds.
  path: Assets/Robot/Animations/Jump.anim
  artifactKey: Guid(e7fa3aa78b48c584fbee583a7c532655) Importer(2089858483,0ecaa5967403d082aa24f35e1b516d23)
Start importing Assets/Robot/Animations/Jump.anim using Guid(e7fa3aa78b48c584fbee583a7c532655) Importer(2089858483,0ecaa5967403d082aa24f35e1b516d23) Generated GUIDs only implemented for interfaces!
 -> (artifact id: 'ef0c1744a0e345c61db5cfda71fadac7') in 0.031945 seconds 
========================================================================
Received Import Request.
  Time since last request: 0.000054 seconds.
  path: Assets/Game Buffs/Free Stylized Textures/Textures/Grass_37/Grass_37_Roughness.png
  artifactKey: Guid(da4ffcd8848a5cc42abf33a4c9506672) Importer(2089858483,0ecaa5967403d082aa24f35e1b516d23)
Start importing Assets/Game Buffs/Free Stylized Textures/Textures/Grass_37/Grass_37_Roughness.png using Guid(da4ffcd8848a5cc42abf33a4c9506672) Importer(2089858483,0ecaa5967403d082aa24f35e1b516d23) Generated GUIDs only implemented for interfaces!
 -> (artifact id: '909381575f9084eb58acc022bb54403f') in 0.033324 seconds 
========================================================================
Received Import Request.
  Time since last request: 0.000035 seconds.
  path: Assets/Game Buffs/Free Stylized Textures/Textures/Cracked_Concrete_26/Cracked_Concrete_26_Height.png
  artifactKey: Guid(099ff8c4b40757c4dab36150246758cc) Importer(2089858483,0ecaa5967403d082aa24f35e1b516d23)
Start importing Assets/Game Buffs/Free Stylized Textures/Textures/Cracked_Concrete_26/Cracked_Concrete_26_Height.png using Guid(099ff8c4b40757c4dab36150246758cc) Importer(2089858483,0ecaa5967403d082aa24f35e1b516d23) Generated GUIDs only implemented for interfaces!
 -> (artifact id: 'd4dcf44ba5f36d7bf0e87683dbbafc6b') in 0.036399 seconds 
========================================================================
Received Import Request.
  Time since last request: 0.000022 seconds.
  path: Assets/WaterWorks/Shaders/WaterSSR.hlsl
  artifactKey: Guid(c5b37cbbf3d8f1647a9353a204560486) Importer(2089858483,0ecaa5967403d082aa24f35e1b516d23)
Start importing Assets/WaterWorks/Shaders/WaterSSR.hlsl using Guid(c5b37cbbf3d8f1647a9353a204560486) Importer(2089858483,0ecaa5967403d082aa24f35e1b516d23) Generated GUIDs only implemented for interfaces!
 -> (artifact id: 'ab6720702c5e33047b719c4c720f0e2f') in 0.016154 seconds 
========================================================================
Received Import Request.
  Time since last request: 0.000044 seconds.
  path: Assets/Game Buffs/Free Stylized Textures/Textures/Lava_And_Pavement_2/Lava_And_Pavement_2_Albedo.png
  artifactKey: Guid(6de5a9bbae327f948882bb47bd8ba940) Importer(2089858483,0ecaa5967403d082aa24f35e1b516d23)
Start importing Assets/Game Buffs/Free Stylized Textures/Textures/Lava_And_Pavement_2/Lava_And_Pavement_2_Albedo.png using Guid(6de5a9bbae327f948882bb47bd8ba940) Importer(2089858483,0ecaa5967403d082aa24f35e1b516d23) Generated GUIDs only implemented for interfaces!
 -> (artifact id: '1c9ff27a4a99e372248980745b240191') in 0.038731 seconds 
========================================================================
Received Import Request.
  Time since last request: 0.000022 seconds.
  path: Assets/Game Buffs/Free Stylized Textures/Textures/Grass_37/Grass_37.terrainlayer
  artifactKey: Guid(b92e9169436181d499fd8aa2d656ea19) Importer(2089858483,0ecaa5967403d082aa24f35e1b516d23)
Start importing Assets/Game Buffs/Free Stylized Textures/Textures/Grass_37/Grass_37.terrainlayer using Guid(b92e9169436181d499fd8aa2d656ea19) Importer(2089858483,0ecaa5967403d082aa24f35e1b516d23) Generated GUIDs only implemented for interfaces!
 -> (artifact id: '69e6e526a36e968a0e29714f422d4341') in 0.052007 seconds 
========================================================================
Received Import Request.
  Time since last request: 0.000026 seconds.
  path: Assets/Game Buffs/Free Stylized Textures/Textures/Muddy_Cracked_Sand_6/Muddy_Cracked_Sand_6_Roughness.png
  artifactKey: Guid(40694f742dc682343b00633fc0afa37f) Importer(2089858483,0ecaa5967403d082aa24f35e1b516d23)
Start importing Assets/Game Buffs/Free Stylized Textures/Textures/Muddy_Cracked_Sand_6/Muddy_Cracked_Sand_6_Roughness.png using Guid(40694f742dc682343b00633fc0afa37f) Importer(2089858483,0ecaa5967403d082aa24f35e1b516d23) Generated GUIDs only implemented for interfaces!
 -> (artifact id: '529f88cacb13d40f3d0129e2e515b0ef') in 0.023348 seconds 
========================================================================
Received Prepare
Refreshing native plugins compatible for Editor in 4.35 ms, found 3 plugins.
Preloading 0 native plugins for Editor in 0.00 ms.
Unloading 27 Unused Serialized files (Serialized files now loaded: 0)
Unloading 28 unused Assets / (0.7 MB). Loaded Objects now: 5853.
Memory consumption went from 131.3 MB to 130.6 MB.
Total: 4.824300 ms (FindLiveObjects: 0.444800 ms CreateObjectMapping: 0.226500 ms MarkObjects: 3.825100 ms  DeleteObjects: 0.326900 ms)

AssetImportParameters requested are different than current active one (requested -> active):
  custom:video-decoder-ogg-theora: a1e56fd34408186e4bbccfd4996cb3dc -> 
  custom:container-muxer-webm: aa71ff27fc2769a1b78a27578f13a17b -> 
  custom:container-demuxer-webm: 4f35f7cbe854078d1ac9338744f61a02 -> 
  custom:video-encoder-webm-vp8: eb34c28f22e8b96e1ab97ce403110664 -> 
  custom:video-codec-MediaFoundation-h265: 746d11721c4dcdbdad8f713fa42b33f4 -> 
  custom:audio-encoder-webm-vorbis: bf7c407c2cedff20999df2af8eb42d56 -> 
  custom:framework-win-MediaFoundation: 216162199b28c13a410421893ffa2e32 -> 
  custom:SearchIndexIgnoredProperties: e643bd26f0fe6173181afceb89e7c659 -> 
  custom:container-demuxer-ogg: 62fdf1f143b41e24485cea50d1cbac27 -> 
  custom:video-decoder-webm-vp8: 9c59270c3fd7afecdb556c50c9e8de78 -> 
  custom:audio-decoder-ogg-vorbis: bf7c407c2cedff20999df2af8eb42d56 -> 
========================================================================
Received Prepare
Registering precompiled user dll's ...
Registered in 0.004411 seconds.
Begin MonoManager ReloadAssembly
Symbol file LoadedFromMemory doesn't match image D:\Git\game351_group\unity\Assignment 1\Library\PackageCache\com.unity.visualscripting@1.7.8\Editor\VisualScripting.Core\Dependencies\YamlDotNet\Unity.VisualScripting.YamlDotNet.dll
Symbol file LoadedFromMemory doesn't match image D:\Git\game351_group\unity\Assignment 1\Library\PackageCache\com.unity.visualscripting@1.7.8\Editor\VisualScripting.Core\Dependencies\DotNetZip\Unity.VisualScripting.IonicZip.dll
Native extension for WindowsStandalone target not found
Refreshing native plugins compatible for Editor in 1.05 ms, found 3 plugins.
Preloading 0 native plugins for Editor in 0.00 ms.
Mono: successfully reloaded assembly
- Completed reload, in  0.933 seconds
Domain Reload Profiling:
	ReloadAssembly (933ms)
		BeginReloadAssembly (133ms)
			ExecutionOrderSort (0ms)
			DisableScriptedObjects (6ms)
			BackupInstance (0ms)
			ReleaseScriptingObjects (0ms)
			CreateAndSetChildDomain (51ms)
		EndReloadAssembly (720ms)
			LoadAssemblies (70ms)
			RebuildTransferFunctionScriptingTraits (0ms)
			SetupTypeCache (228ms)
			ReleaseScriptCaches (2ms)
			RebuildScriptCaches (42ms)
			SetupLoadedEditorAssemblies (345ms)
				LogAssemblyErrors (0ms)
				InitializePlatformSupportModulesInManaged (10ms)
				SetLoadedEditorAssemblies (0ms)
				RefreshPlugins (1ms)
				BeforeProcessingInitializeOnLoad (67ms)
				ProcessInitializeOnLoadAttributes (187ms)
				ProcessInitializeOnLoadMethodAttributes (72ms)
				AfterProcessingInitializeOnLoad (6ms)
				EditorAssembliesLoaded (0ms)
			ExecutionOrderSort2 (0ms)
			AwakeInstancesAfterBackupRestoration (6ms)
Platform modules already initialized, skipping
Refreshing native plugins compatible for Editor in 1.96 ms, found 3 plugins.
Preloading 0 native plugins for Editor in 0.00 ms.
Unloading 5270 Unused Serialized files (Serialized files now loaded: 0)
Unloading 34 unused Assets / (0.7 MB). Loaded Objects now: 5849.
Memory consumption went from 236.4 MB to 235.8 MB.
Total: 3.328400 ms (FindLiveObjects: 0.358200 ms CreateObjectMapping: 0.119300 ms MarkObjects: 2.560200 ms  DeleteObjects: 0.289700 ms)

AssetImportParameters requested are different than current active one (requested -> active):
  custom:video-decoder-ogg-theora: a1e56fd34408186e4bbccfd4996cb3dc -> 
  custom:container-muxer-webm: aa71ff27fc2769a1b78a27578f13a17b -> 
  custom:container-demuxer-webm: 4f35f7cbe854078d1ac9338744f61a02 -> 
  custom:video-encoder-webm-vp8: eb34c28f22e8b96e1ab97ce403110664 -> 
  custom:video-codec-MediaFoundation-h265: 746d11721c4dcdbdad8f713fa42b33f4 -> 
  custom:audio-encoder-webm-vorbis: bf7c407c2cedff20999df2af8eb42d56 -> 
  custom:framework-win-MediaFoundation: 216162199b28c13a410421893ffa2e32 -> 
  custom:SearchIndexIgnoredProperties: e643bd26f0fe6173181afceb89e7c659 -> 
  custom:container-demuxer-ogg: 62fdf1f143b41e24485cea50d1cbac27 -> 
  custom:video-decoder-webm-vp8: 9c59270c3fd7afecdb556c50c9e8de78 -> 
  custom:audio-decoder-ogg-vorbis: bf7c407c2cedff20999df2af8eb42d56 -> 
========================================================================
Received Import Request.
  Time since last request: 505.051514 seconds.
  path: Assets/Polytope Studio/Lowpoly_Environments/Sources/Shaders/PT_Rock_Shader.shader
  artifactKey: Guid(cd18bd550ff6630468660d0150eed511) Importer(815301076,1909f56bfc062723c751e8b465ee728b)
Start importing Assets/Polytope Studio/Lowpoly_Environments/Sources/Shaders/PT_Rock_Shader.shader using Guid(cd18bd550ff6630468660d0150eed511) Importer(815301076,1909f56bfc062723c751e8b465ee728b)  -> (artifact id: 'f29a93358c6d7772628952b9b8cf6aa8') in 0.048182 seconds 
========================================================================
Received Import Request.
  Time since last request: 0.000028 seconds.
  path: Assets/Polytope Studio/Lowpoly_Environments/Sources/Shaders/PT_Vegetation_Plants_Shader.shader
  artifactKey: Guid(233be0623027421449b81f7423abaf79) Importer(815301076,1909f56bfc062723c751e8b465ee728b)
Start importing Assets/Polytope Studio/Lowpoly_Environments/Sources/Shaders/PT_Vegetation_Plants_Shader.shader using Guid(233be0623027421449b81f7423abaf79) Importer(815301076,1909f56bfc062723c751e8b465ee728b)  -> (artifact id: '990be1996e702d4ed43a87b409d6c979') in 0.007438 seconds 
========================================================================
Received Import Request.
  Time since last request: 0.000029 seconds.
  path: Assets/Polytope Studio/Lowpoly_Village/Sources/Shaders/PT_Buildings_Shader_PBR.shader
  artifactKey: Guid(255b400e6b8ac644588946664da1ff3f) Importer(815301076,1909f56bfc062723c751e8b465ee728b)
Start importing Assets/Polytope Studio/Lowpoly_Village/Sources/Shaders/PT_Buildings_Shader_PBR.shader using Guid(255b400e6b8ac644588946664da1ff3f) Importer(815301076,1909f56bfc062723c751e8b465ee728b)  -> (artifact id: 'f956549ca3f72619fc2342cadd30e6fe') in 0.007241 seconds 
========================================================================
Received Import Request.
  Time since last request: 0.000032 seconds.
  path: Assets/IgniteCoders/Simple Water Shader/Resources/WaterShader.shadergraph
  artifactKey: Guid(dd97de70edf8a4141bee758a2efe7ff8) Importer(815301076,1909f56bfc062723c751e8b465ee728b)
Start importing Assets/IgniteCoders/Simple Water Shader/Resources/WaterShader.shadergraph using Guid(dd97de70edf8a4141bee758a2efe7ff8) Importer(815301076,1909f56bfc062723c751e8b465ee728b)  -> (artifact id: '3590af8d5580ec5591f3f1e73a8d5b7c') in 0.010261 seconds 
========================================================================
Received Import Request.
  Time since last request: 0.210853 seconds.
  path: Assets/Polytope Studio/Lowpoly_Environments/Sources/Shaders/PT_Vegetation_Foliage_Shader.shader
  artifactKey: Guid(77e1a76a38ecd5a46a270afb12894dd5) Importer(815301076,1909f56bfc062723c751e8b465ee728b)
Start importing Assets/Polytope Studio/Lowpoly_Environments/Sources/Shaders/PT_Vegetation_Foliage_Shader.shader using Guid(77e1a76a38ecd5a46a270afb12894dd5) Importer(815301076,1909f56bfc062723c751e8b465ee728b)  -> (artifact id: '349ef8f33af5b6248008ef1b0b3d45b0') in 0.007561 seconds 
========================================================================
Received Import Request.
  Time since last request: 0.000023 seconds.
  path: Assets/IgniteCoders/Simple Water Shader/Info/Icons/Help_Icon.png
  artifactKey: Guid(34f556d724b1bbf4097ca6220db2c581) Importer(815301076,1909f56bfc062723c751e8b465ee728b)
Start importing Assets/IgniteCoders/Simple Water Shader/Info/Icons/Help_Icon.png using Guid(34f556d724b1bbf4097ca6220db2c581) Importer(815301076,1909f56bfc062723c751e8b465ee728b)  -> (artifact id: '594b5b9051fd3dd352e03b285c9d5a2e') in 0.047180 seconds 
Editor requested this worker to shutdown with reason: Scaling down because of idle timeout
AssetImportWorker is now disconnected from the server
Process exiting
Exiting without the bug reporter. Application will terminate with return code 0