Using pre-set license
Built from '2021.3/staging' branch; Version is '2021.3.5f1 (40eb3a945986) revision 4254522'; Using compiler version '192829333'; Build Type 'Release'
OS: 'Windows 11  (10.0.22631) 64bit Education' Language: 'ko' Physical Memory: 15613 MB
BatchMode: 1, IsHumanControllingUs: 0, StartBugReporterOnCrash: 0, Is64bit: 1, IsPro: 1

COMMAND LINE ARGUMENTS:
C:\Program Files\Unity\Hub\Editor\2021.3.5f1\Editor\Unity.exe
-adb2
-batchMode
-noUpm
-name
AssetImportWorker10
-projectPath
D:/Git/game351_group/unity/Assignment 1
-logFile
Logs/AssetImportWorker10.log
-srvPort
61134
Successfully changed project path to: D:/Git/game351_group/unity/Assignment 1
D:/Git/game351_group/unity/Assignment 1
[UnityMemory] Configuration Parameters - Can be set up in boot.config
    "memorysetup-bucket-allocator-granularity=16"
    "memorysetup-bucket-allocator-bucket-count=8"
    "memorysetup-bucket-allocator-block-size=33554432"
    "memorysetup-bucket-allocator-block-count=8"
    "memorysetup-main-allocator-block-size=16777216"
    "memorysetup-thread-allocator-block-size=16777216"
    "memorysetup-gfx-main-allocator-block-size=16777216"
    "memorysetup-gfx-thread-allocator-block-size=16777216"
    "memorysetup-cache-allocator-block-size=4194304"
    "memorysetup-typetree-allocator-block-size=2097152"
    "memorysetup-profiler-bucket-allocator-granularity=16"
    "memorysetup-profiler-bucket-allocator-bucket-count=8"
    "memorysetup-profiler-bucket-allocator-block-size=33554432"
    "memorysetup-profiler-bucket-allocator-block-count=8"
    "memorysetup-profiler-allocator-block-size=16777216"
    "memorysetup-profiler-editor-allocator-block-size=1048576"
    "memorysetup-temp-allocator-size-main=16777216"
    "memorysetup-job-temp-allocator-block-size=2097152"
    "memorysetup-job-temp-allocator-block-size-background=1048576"
    "memorysetup-job-temp-allocator-reduction-small-platforms=262144"
    "memorysetup-temp-allocator-size-background-worker=32768"
    "memorysetup-temp-allocator-size-job-worker=262144"
    "memorysetup-temp-allocator-size-preload-manager=33554432"
    "memorysetup-temp-allocator-size-nav-mesh-worker=65536"
    "memorysetup-temp-allocator-size-audio-worker=65536"
    "memorysetup-temp-allocator-size-cloud-worker=32768"
    "memorysetup-temp-allocator-size-gi-baking-worker=262144"
    "memorysetup-temp-allocator-size-gfx=262144"
Refreshing native plugins compatible for Editor in 122.70 ms, found 3 plugins.
Preloading 0 native plugins for Editor in 0.00 ms.
Initialize engine version: 2021.3.5f1 (40eb3a945986)
[Subsystems] Discovering subsystems at path C:/Program Files/Unity/Hub/Editor/2021.3.5f1/Editor/Data/Resources/UnitySubsystems
[Subsystems] Discovering subsystems at path D:/Git/game351_group/unity/Assignment 1/Assets
GfxDevice: creating device client; threaded=0; jobified=0
Direct3D:
    Version:  Direct3D 11.0 [level 11.1]
    Renderer: NVIDIA GeForce RTX 3060 Laptop GPU (ID=0x2520)
    Vendor:   NVIDIA
    VRAM:     6010 MB
    Driver:   31.0.15.4633
Initialize mono
Mono path[0] = 'C:/Program Files/Unity/Hub/Editor/2021.3.5f1/Editor/Data/Managed'
Mono path[1] = 'C:/Program Files/Unity/Hub/Editor/2021.3.5f1/Editor/Data/MonoBleedingEdge/lib/mono/unityjit-win32'
Mono config path = 'C:/Program Files/Unity/Hub/Editor/2021.3.5f1/Editor/Data/MonoBleedingEdge/etc'
Using monoOptions --debugger-agent=transport=dt_socket,embedding=1,server=y,suspend=n,address=127.0.0.1:56984
Begin MonoManager ReloadAssembly
Registering precompiled unity dll's ...
Register platform support module: C:/Program Files/Unity/Hub/Editor/2021.3.5f1/Editor/Data/PlaybackEngines/WindowsStandaloneSupport/UnityEditor.WindowsStandalone.Extensions.dll
Registered in 0.004216 seconds.
Native extension for WindowsStandalone target not found
Refreshing native plugins compatible for Editor in 118.75 ms, found 3 plugins.
Preloading 0 native plugins for Editor in 0.00 ms.
Mono: successfully reloaded assembly
- Completed reload, in  0.553 seconds
Domain Reload Profiling:
	ReloadAssembly (553ms)
		BeginReloadAssembly (65ms)
			ExecutionOrderSort (0ms)
			DisableScriptedObjects (0ms)
			BackupInstance (0ms)
			ReleaseScriptingObjects (0ms)
			CreateAndSetChildDomain (1ms)
		EndReloadAssembly (403ms)
			LoadAssemblies (62ms)
			RebuildTransferFunctionScriptingTraits (0ms)
			SetupTypeCache (80ms)
			ReleaseScriptCaches (0ms)
			RebuildScriptCaches (20ms)
			SetupLoadedEditorAssemblies (263ms)
				LogAssemblyErrors (0ms)
				InitializePlatformSupportModulesInManaged (6ms)
				SetLoadedEditorAssemblies (0ms)
				RefreshPlugins (119ms)
				BeforeProcessingInitializeOnLoad (1ms)
				ProcessInitializeOnLoadAttributes (99ms)
				ProcessInitializeOnLoadMethodAttributes (38ms)
				AfterProcessingInitializeOnLoad (0ms)
				EditorAssembliesLoaded (0ms)
			ExecutionOrderSort2 (0ms)
			AwakeInstancesAfterBackupRestoration (0ms)
Platform modules already initialized, skipping
Registering precompiled user dll's ...
Registered in 0.004034 seconds.
Begin MonoManager ReloadAssembly
Symbol file LoadedFromMemory doesn't match image D:\Git\game351_group\unity\Assignment 1\Library\PackageCache\com.unity.visualscripting@1.7.8\Editor\VisualScripting.Core\Dependencies\YamlDotNet\Unity.VisualScripting.YamlDotNet.dll
Symbol file LoadedFromMemory doesn't match image D:\Git\game351_group\unity\Assignment 1\Library\PackageCache\com.unity.visualscripting@1.7.8\Editor\VisualScripting.Core\Dependencies\DotNetZip\Unity.VisualScripting.IonicZip.dll
Native extension for WindowsStandalone target not found
Refreshing native plugins compatible for Editor in 121.62 ms, found 3 plugins.
Preloading 0 native plugins for Editor in 0.00 ms.
Mono: successfully reloaded assembly
- Completed reload, in  1.155 seconds
Domain Reload Profiling:
	ReloadAssembly (1156ms)
		BeginReloadAssembly (98ms)
			ExecutionOrderSort (0ms)
			DisableScriptedObjects (4ms)
			BackupInstance (0ms)
			ReleaseScriptingObjects (0ms)
			CreateAndSetChildDomain (18ms)
		EndReloadAssembly (967ms)
			LoadAssemblies (80ms)
			RebuildTransferFunctionScriptingTraits (0ms)
			SetupTypeCache (231ms)
			ReleaseScriptCaches (1ms)
			RebuildScriptCaches (70ms)
			SetupLoadedEditorAssemblies (550ms)
				LogAssemblyErrors (0ms)
				InitializePlatformSupportModulesInManaged (4ms)
				SetLoadedEditorAssemblies (0ms)
				RefreshPlugins (122ms)
				BeforeProcessingInitializeOnLoad (109ms)
				ProcessInitializeOnLoadAttributes (275ms)
				ProcessInitializeOnLoadMethodAttributes (32ms)
				AfterProcessingInitializeOnLoad (8ms)
				EditorAssembliesLoaded (0ms)
			ExecutionOrderSort2 (0ms)
			AwakeInstancesAfterBackupRestoration (6ms)
Platform modules already initialized, skipping
========================================================================
Worker process is ready to serve import requests
Launched and connected shader compiler UnityShaderCompiler.exe after 0.06 seconds
Refreshing native plugins compatible for Editor in 1.41 ms, found 3 plugins.
Preloading 0 native plugins for Editor in 0.00 ms.
Unloading 6846 Unused Serialized files (Serialized files now loaded: 0)
Unloading 144 unused Assets / (11.6 MB). Loaded Objects now: 7209.
Memory consumption went from 339.5 MB to 327.9 MB.
Total: 6.080600 ms (FindLiveObjects: 0.583600 ms CreateObjectMapping: 0.261000 ms MarkObjects: 2.992000 ms  DeleteObjects: 2.242900 ms)

AssetImportParameters requested are different than current active one (requested -> active):
  custom:video-decoder-ogg-theora: a1e56fd34408186e4bbccfd4996cb3dc -> 
  custom:container-muxer-webm: aa71ff27fc2769a1b78a27578f13a17b -> 
  custom:container-demuxer-webm: 4f35f7cbe854078d1ac9338744f61a02 -> 
  custom:video-encoder-webm-vp8: eb34c28f22e8b96e1ab97ce403110664 -> 
  custom:video-codec-MediaFoundation-h265: 746d11721c4dcdbdad8f713fa42b33f4 -> 
  custom:audio-encoder-webm-vorbis: bf7c407c2cedff20999df2af8eb42d56 -> 
  custom:framework-win-MediaFoundation: 216162199b28c13a410421893ffa2e32 -> 
  custom:SearchIndexIgnoredProperties: e643bd26f0fe6173181afceb89e7c659 -> 
  custom:container-demuxer-ogg: 62fdf1f143b41e24485cea50d1cbac27 -> 
  custom:video-decoder-webm-vp8: 9c59270c3fd7afecdb556c50c9e8de78 -> 
  custom:audio-decoder-ogg-vorbis: bf7c407c2cedff20999df2af8eb42d56 -> 
========================================================================
Received Prepare
Registering precompiled user dll's ...
Registered in 0.004063 seconds.
Begin MonoManager ReloadAssembly
Symbol file LoadedFromMemory doesn't match image D:\Git\game351_group\unity\Assignment 1\Library\PackageCache\com.unity.visualscripting@1.7.8\Editor\VisualScripting.Core\Dependencies\YamlDotNet\Unity.VisualScripting.YamlDotNet.dll
Symbol file LoadedFromMemory doesn't match image D:\Git\game351_group\unity\Assignment 1\Library\PackageCache\com.unity.visualscripting@1.7.8\Editor\VisualScripting.Core\Dependencies\DotNetZip\Unity.VisualScripting.IonicZip.dll
Native extension for WindowsStandalone target not found
Refreshing native plugins compatible for Editor in 2.21 ms, found 3 plugins.
Preloading 0 native plugins for Editor in 0.00 ms.
Mono: successfully reloaded assembly
- Completed reload, in  1.042 seconds
Domain Reload Profiling:
	ReloadAssembly (1043ms)
		BeginReloadAssembly (119ms)
			ExecutionOrderSort (0ms)
			DisableScriptedObjects (4ms)
			BackupInstance (0ms)
			ReleaseScriptingObjects (0ms)
			CreateAndSetChildDomain (39ms)
		EndReloadAssembly (849ms)
			LoadAssemblies (69ms)
			RebuildTransferFunctionScriptingTraits (0ms)
			SetupTypeCache (220ms)
			ReleaseScriptCaches (3ms)
			RebuildScriptCaches (66ms)
			SetupLoadedEditorAssemblies (442ms)
				LogAssemblyErrors (0ms)
				InitializePlatformSupportModulesInManaged (11ms)
				SetLoadedEditorAssemblies (1ms)
				RefreshPlugins (2ms)
				BeforeProcessingInitializeOnLoad (94ms)
				ProcessInitializeOnLoadAttributes (290ms)
				ProcessInitializeOnLoadMethodAttributes (36ms)
				AfterProcessingInitializeOnLoad (8ms)
				EditorAssembliesLoaded (0ms)
			ExecutionOrderSort2 (0ms)
			AwakeInstancesAfterBackupRestoration (7ms)
Platform modules already initialized, skipping
Refreshing native plugins compatible for Editor in 2.75 ms, found 3 plugins.
Preloading 0 native plugins for Editor in 0.00 ms.
Unloading 6649 Unused Serialized files (Serialized files now loaded: 0)
Unloading 137 unused Assets / (11.6 MB). Loaded Objects now: 7212.
Memory consumption went from 321.1 MB to 309.5 MB.
Total: 5.651800 ms (FindLiveObjects: 0.437200 ms CreateObjectMapping: 0.178600 ms MarkObjects: 2.744700 ms  DeleteObjects: 2.289400 ms)

AssetImportParameters requested are different than current active one (requested -> active):
  custom:video-decoder-ogg-theora: a1e56fd34408186e4bbccfd4996cb3dc -> 
  custom:container-muxer-webm: aa71ff27fc2769a1b78a27578f13a17b -> 
  custom:container-demuxer-webm: 4f35f7cbe854078d1ac9338744f61a02 -> 
  custom:video-encoder-webm-vp8: eb34c28f22e8b96e1ab97ce403110664 -> 
  custom:video-codec-MediaFoundation-h265: 746d11721c4dcdbdad8f713fa42b33f4 -> 
  custom:audio-encoder-webm-vorbis: bf7c407c2cedff20999df2af8eb42d56 -> 
  custom:framework-win-MediaFoundation: 216162199b28c13a410421893ffa2e32 -> 
  custom:SearchIndexIgnoredProperties: e643bd26f0fe6173181afceb89e7c659 -> 
  custom:container-demuxer-ogg: 62fdf1f143b41e24485cea50d1cbac27 -> 
  custom:video-decoder-webm-vp8: 9c59270c3fd7afecdb556c50c9e8de78 -> 
  custom:audio-decoder-ogg-vorbis: bf7c407c2cedff20999df2af8eb42d56 -> 
========================================================================
Received Prepare
Registering precompiled user dll's ...
Registered in 0.004944 seconds.
Begin MonoManager ReloadAssembly
Symbol file LoadedFromMemory doesn't match image D:\Git\game351_group\unity\Assignment 1\Library\PackageCache\com.unity.visualscripting@1.7.8\Editor\VisualScripting.Core\Dependencies\YamlDotNet\Unity.VisualScripting.YamlDotNet.dll
Symbol file LoadedFromMemory doesn't match image D:\Git\game351_group\unity\Assignment 1\Library\PackageCache\com.unity.visualscripting@1.7.8\Editor\VisualScripting.Core\Dependencies\DotNetZip\Unity.VisualScripting.IonicZip.dll
Native extension for WindowsStandalone target not found
Refreshing native plugins compatible for Editor in 1.49 ms, found 3 plugins.
Preloading 0 native plugins for Editor in 0.00 ms.
Mono: successfully reloaded assembly
- Completed reload, in  1.070 seconds
Domain Reload Profiling:
	ReloadAssembly (1070ms)
		BeginReloadAssembly (128ms)
			ExecutionOrderSort (0ms)
			DisableScriptedObjects (4ms)
			BackupInstance (0ms)
			ReleaseScriptingObjects (0ms)
			CreateAndSetChildDomain (46ms)
		EndReloadAssembly (848ms)
			LoadAssemblies (70ms)
			RebuildTransferFunctionScriptingTraits (0ms)
			SetupTypeCache (239ms)
			ReleaseScriptCaches (2ms)
			RebuildScriptCaches (63ms)
			SetupLoadedEditorAssemblies (432ms)
				LogAssemblyErrors (0ms)
				InitializePlatformSupportModulesInManaged (10ms)
				SetLoadedEditorAssemblies (0ms)
				RefreshPlugins (2ms)
				BeforeProcessingInitializeOnLoad (94ms)
				ProcessInitializeOnLoadAttributes (282ms)
				ProcessInitializeOnLoadMethodAttributes (36ms)
				AfterProcessingInitializeOnLoad (8ms)
				EditorAssembliesLoaded (0ms)
			ExecutionOrderSort2 (0ms)
			AwakeInstancesAfterBackupRestoration (7ms)
Platform modules already initialized, skipping
Refreshing native plugins compatible for Editor in 2.70 ms, found 3 plugins.
Preloading 0 native plugins for Editor in 0.00 ms.
Unloading 6649 Unused Serialized files (Serialized files now loaded: 0)
Unloading 137 unused Assets / (11.6 MB). Loaded Objects now: 7215.
Memory consumption went from 321.1 MB to 309.5 MB.
Total: 7.083400 ms (FindLiveObjects: 0.567100 ms CreateObjectMapping: 0.367500 ms MarkObjects: 3.269400 ms  DeleteObjects: 2.878000 ms)

AssetImportParameters requested are different than current active one (requested -> active):
  custom:video-decoder-ogg-theora: a1e56fd34408186e4bbccfd4996cb3dc -> 
  custom:container-muxer-webm: aa71ff27fc2769a1b78a27578f13a17b -> 
  custom:container-demuxer-webm: 4f35f7cbe854078d1ac9338744f61a02 -> 
  custom:video-encoder-webm-vp8: eb34c28f22e8b96e1ab97ce403110664 -> 
  custom:video-codec-MediaFoundation-h265: 746d11721c4dcdbdad8f713fa42b33f4 -> 
  custom:audio-encoder-webm-vorbis: bf7c407c2cedff20999df2af8eb42d56 -> 
  custom:framework-win-MediaFoundation: 216162199b28c13a410421893ffa2e32 -> 
  custom:SearchIndexIgnoredProperties: e643bd26f0fe6173181afceb89e7c659 -> 
  custom:container-demuxer-ogg: 62fdf1f143b41e24485cea50d1cbac27 -> 
  custom:video-decoder-webm-vp8: 9c59270c3fd7afecdb556c50c9e8de78 -> 
  custom:audio-decoder-ogg-vorbis: bf7c407c2cedff20999df2af8eb42d56 -> 
========================================================================
Received Import Request.
  Time since last request: 410145.200542 seconds.
  path: Assets/BrokenVector/LowPolyTreePack/Models/Tree Type0 02.dae
  artifactKey: Guid(6b63ca9c7bc00f24b81b6cb48095b9a9) Importer(815301076,1909f56bfc062723c751e8b465ee728b)
Start importing Assets/BrokenVector/LowPolyTreePack/Models/Tree Type0 02.dae using Guid(6b63ca9c7bc00f24b81b6cb48095b9a9) Importer(815301076,1909f56bfc062723c751e8b465ee728b)  -> (artifact id: '0b2c728067c9fafdd5beb66679278d82') in 0.143249 seconds 
========================================================================
Received Import Request.
  Time since last request: 0.000031 seconds.
  path: Assets/BrokenVector/LowPolyTreePack/Models/Tree Type4 05.dae
  artifactKey: Guid(05f4a294fb6ca7e4c87b33948d1ebec3) Importer(815301076,1909f56bfc062723c751e8b465ee728b)
Start importing Assets/BrokenVector/LowPolyTreePack/Models/Tree Type4 05.dae using Guid(05f4a294fb6ca7e4c87b33948d1ebec3) Importer(815301076,1909f56bfc062723c751e8b465ee728b)  -> (artifact id: 'dfe9e9209480dc38888a1dea8e549acf') in 0.022952 seconds 
========================================================================
Received Import Request.
  Time since last request: 0.000024 seconds.
  path: Assets/BrokenVector/LowPolyTreePack/Models/Tree Type3 05.dae
  artifactKey: Guid(0658909382c77d041b643ae92bd27b82) Importer(815301076,1909f56bfc062723c751e8b465ee728b)
Start importing Assets/BrokenVector/LowPolyTreePack/Models/Tree Type3 05.dae using Guid(0658909382c77d041b643ae92bd27b82) Importer(815301076,1909f56bfc062723c751e8b465ee728b)  -> (artifact id: '5cf12e7f61f2242949040393881e5f35') in 0.019140 seconds 
========================================================================
Received Import Request.
  Time since last request: 0.000026 seconds.
  path: Assets/BrokenVector/LowPolyTreePack/Models/Tree Type2 01.dae
  artifactKey: Guid(b3d80aad1767322488af8777deb5fd54) Importer(815301076,1909f56bfc062723c751e8b465ee728b)
Start importing Assets/BrokenVector/LowPolyTreePack/Models/Tree Type2 01.dae using Guid(b3d80aad1767322488af8777deb5fd54) Importer(815301076,1909f56bfc062723c751e8b465ee728b)  -> (artifact id: '486240a7106efc23ab3e2bbd07eaa51c') in 0.020304 seconds 
========================================================================
Received Import Request.
  Time since last request: 0.000029 seconds.
  path: Assets/BrokenVector/LowPolyTreePack/Models/Tree Type2 05.dae
  artifactKey: Guid(08370ae33fad3da4a8357631f8a9f5ae) Importer(815301076,1909f56bfc062723c751e8b465ee728b)
Start importing Assets/BrokenVector/LowPolyTreePack/Models/Tree Type2 05.dae using Guid(08370ae33fad3da4a8357631f8a9f5ae) Importer(815301076,1909f56bfc062723c751e8b465ee728b)  -> (artifact id: 'e84ab0ff3dd2aa7d4ab207450fa5958e') in 0.020958 seconds 
========================================================================
Received Import Request.
  Time since last request: 0.000023 seconds.
  path: Assets/BrokenVector/LowPolyTreePack/Models/Tree Type1 04.dae
  artifactKey: Guid(0ddb82da3485fac4dbfe187acb70a610) Importer(815301076,1909f56bfc062723c751e8b465ee728b)
Start importing Assets/BrokenVector/LowPolyTreePack/Models/Tree Type1 04.dae using Guid(0ddb82da3485fac4dbfe187acb70a610) Importer(815301076,1909f56bfc062723c751e8b465ee728b)  -> (artifact id: '6a8b4f844cf5d56cd5348e3ca982aa6e') in 0.019646 seconds 
========================================================================
Received Import Request.
  Time since last request: 0.000024 seconds.
  path: Assets/BrokenVector/LowPolyTreePack/Models/Tree Type7 02.dae
  artifactKey: Guid(819c10f136958e549bf2eb4702b8f111) Importer(815301076,1909f56bfc062723c751e8b465ee728b)
Start importing Assets/BrokenVector/LowPolyTreePack/Models/Tree Type7 02.dae using Guid(819c10f136958e549bf2eb4702b8f111) Importer(815301076,1909f56bfc062723c751e8b465ee728b)  -> (artifact id: '70f3ed5f041493acf512a7dee438584c') in 0.022782 seconds 
========================================================================
Received Import Request.
  Time since last request: 0.000028 seconds.
  path: Assets/BrokenVector/LowPolyTreePack/Models/Tree Type1 01.dae
  artifactKey: Guid(cb132eeaea305bc478721cc9b5cb57f8) Importer(815301076,1909f56bfc062723c751e8b465ee728b)
Start importing Assets/BrokenVector/LowPolyTreePack/Models/Tree Type1 01.dae using Guid(cb132eeaea305bc478721cc9b5cb57f8) Importer(815301076,1909f56bfc062723c751e8b465ee728b)  -> (artifact id: 'c4c33bd9d3237fd35e06517a89446800') in 0.020124 seconds 
========================================================================
Received Import Request.
  Time since last request: 0.000033 seconds.
  path: Assets/BrokenVector/LowPolyTreePack/Models/Tree Type1 02.dae
  artifactKey: Guid(e063977d54ec61849aacc1b8e9eafc6f) Importer(815301076,1909f56bfc062723c751e8b465ee728b)
Start importing Assets/BrokenVector/LowPolyTreePack/Models/Tree Type1 02.dae using Guid(e063977d54ec61849aacc1b8e9eafc6f) Importer(815301076,1909f56bfc062723c751e8b465ee728b)  -> (artifact id: 'a78df8cbc5964db8323c0c4510530fe3') in 0.024919 seconds 
========================================================================
Received Import Request.
  Time since last request: 0.000039 seconds.
  path: Assets/BrokenVector/LowPolyTreePack/Models/Tree Type3 03.dae
  artifactKey: Guid(35c5b6683953dc54f99f68b4a16819f7) Importer(815301076,1909f56bfc062723c751e8b465ee728b)
Start importing Assets/BrokenVector/LowPolyTreePack/Models/Tree Type3 03.dae using Guid(35c5b6683953dc54f99f68b4a16819f7) Importer(815301076,1909f56bfc062723c751e8b465ee728b)  -> (artifact id: '946abb2f1421a1dfabbb53f3aab8505f') in 0.021796 seconds 
========================================================================
Received Import Request.
  Time since last request: 0.000029 seconds.
  path: Assets/BrokenVector/LowPolyTreePack/Models/Tree Type7 03.dae
  artifactKey: Guid(32b2d01a42b6ac84d9e11d5f05c569e1) Importer(815301076,1909f56bfc062723c751e8b465ee728b)
Start importing Assets/BrokenVector/LowPolyTreePack/Models/Tree Type7 03.dae using Guid(32b2d01a42b6ac84d9e11d5f05c569e1) Importer(815301076,1909f56bfc062723c751e8b465ee728b)  -> (artifact id: '777f326f2a5680851b9a40e7d5d40a4e') in 0.021124 seconds 
========================================================================
Received Import Request.
  Time since last request: 0.000039 seconds.
  path: Assets/BrokenVector/LowPolyTreePack/Models/Tree Type3 04.dae
  artifactKey: Guid(f52689dc8ea801b46874ff4a4a6c328a) Importer(815301076,1909f56bfc062723c751e8b465ee728b)
Start importing Assets/BrokenVector/LowPolyTreePack/Models/Tree Type3 04.dae using Guid(f52689dc8ea801b46874ff4a4a6c328a) Importer(815301076,1909f56bfc062723c751e8b465ee728b)  -> (artifact id: 'bf53a5776f40b1f16edc954f9a0ce613') in 0.021474 seconds 
========================================================================
Received Import Request.
  Time since last request: 0.000027 seconds.
  path: Assets/BrokenVector/LowPolyTreePack/Models/Tree Type7 01.dae
  artifactKey: Guid(173d123c3e337ee4c9d101f4c77225f5) Importer(815301076,1909f56bfc062723c751e8b465ee728b)
Start importing Assets/BrokenVector/LowPolyTreePack/Models/Tree Type7 01.dae using Guid(173d123c3e337ee4c9d101f4c77225f5) Importer(815301076,1909f56bfc062723c751e8b465ee728b)  -> (artifact id: '6acc0fad1d9250e6f6d6f6df3092aeb9') in 0.022301 seconds 
========================================================================
Received Import Request.
  Time since last request: 0.000031 seconds.
  path: Assets/BrokenVector/LowPolyTreePack/Models/Tree Type2 04.dae
  artifactKey: Guid(49a13064a6f46f1438de87926fc5fc42) Importer(815301076,1909f56bfc062723c751e8b465ee728b)
Start importing Assets/BrokenVector/LowPolyTreePack/Models/Tree Type2 04.dae using Guid(49a13064a6f46f1438de87926fc5fc42) Importer(815301076,1909f56bfc062723c751e8b465ee728b)  -> (artifact id: '0734b38f4f788f6779e35cb3b1eed0d8') in 0.023677 seconds 
========================================================================
Received Import Request.
  Time since last request: 0.000038 seconds.
  path: Assets/BrokenVector/LowPolyTreePack/Models/Tree Type0 03.dae
  artifactKey: Guid(5648c7aa655120f44aab862e4a038f3c) Importer(815301076,1909f56bfc062723c751e8b465ee728b)
Start importing Assets/BrokenVector/LowPolyTreePack/Models/Tree Type0 03.dae using Guid(5648c7aa655120f44aab862e4a038f3c) Importer(815301076,1909f56bfc062723c751e8b465ee728b)  -> (artifact id: '72a5af4985c9b3289778a136b9fbe879') in 0.022875 seconds 
========================================================================
Received Import Request.
  Time since last request: 0.000034 seconds.
  path: Assets/BrokenVector/LowPolyTreePack/Models/Tree Type1 03.dae
  artifactKey: Guid(dec71bb4e66221144b5db0af9e0f39d5) Importer(815301076,1909f56bfc062723c751e8b465ee728b)
Start importing Assets/BrokenVector/LowPolyTreePack/Models/Tree Type1 03.dae using Guid(dec71bb4e66221144b5db0af9e0f39d5) Importer(815301076,1909f56bfc062723c751e8b465ee728b)  -> (artifact id: '041a3b98f5b3655797d1f7451d689000') in 0.021006 seconds 
========================================================================
Received Import Request.
  Time since last request: 0.000023 seconds.
  path: Assets/BrokenVector/LowPolyTreePack/Models/Tree Type3 02.dae
  artifactKey: Guid(68218c07874adef4fbe8100958fd9117) Importer(815301076,1909f56bfc062723c751e8b465ee728b)
Start importing Assets/BrokenVector/LowPolyTreePack/Models/Tree Type3 02.dae using Guid(68218c07874adef4fbe8100958fd9117) Importer(815301076,1909f56bfc062723c751e8b465ee728b)  -> (artifact id: 'aabe4703215c29a2cb7c1a8351c78838') in 0.021498 seconds 
========================================================================
Received Import Request.
  Time since last request: 0.000031 seconds.
  path: Assets/BrokenVector/LowPolyTreePack/Models/Tree Type4 04.dae
  artifactKey: Guid(361dbd13abe581240910f764f838d930) Importer(815301076,1909f56bfc062723c751e8b465ee728b)
Start importing Assets/BrokenVector/LowPolyTreePack/Models/Tree Type4 04.dae using Guid(361dbd13abe581240910f764f838d930) Importer(815301076,1909f56bfc062723c751e8b465ee728b)  -> (artifact id: '820a75cc01c584c8d4676ad4a361fea0') in 0.023661 seconds 
========================================================================
Received Import Request.
  Time since last request: 0.000061 seconds.
  path: Assets/BrokenVector/LowPolyTreePack/Models/Tree Type0 04.dae
  artifactKey: Guid(b4f0e46a9f630054c925d3d92d45584e) Importer(815301076,1909f56bfc062723c751e8b465ee728b)
Start importing Assets/BrokenVector/LowPolyTreePack/Models/Tree Type0 04.dae using Guid(b4f0e46a9f630054c925d3d92d45584e) Importer(815301076,1909f56bfc062723c751e8b465ee728b)  -> (artifact id: '1ab5d2ef4e339669d5dd000dc586d3e9') in 0.023830 seconds 
========================================================================
Received Import Request.
  Time since last request: 0.658364 seconds.
  path: Assets/BrokenVector/LowPolyTreePack/Textures/Colorsheet Tree Dry.png
  artifactKey: Guid(9236635f319ab034fa33215e8eaa903a) Importer(815301076,1909f56bfc062723c751e8b465ee728b)
Start importing Assets/BrokenVector/LowPolyTreePack/Textures/Colorsheet Tree Dry.png using Guid(9236635f319ab034fa33215e8eaa903a) Importer(815301076,1909f56bfc062723c751e8b465ee728b)  -> (artifact id: '4802dc225b2564c827fdc7cdcb87b29c') in 0.058105 seconds 
========================================================================
Received Import Request.
  Time since last request: 0.000031 seconds.
  path: Assets/BrokenVector/LowPolyTreePack/Textures/Colorsheet Tree Normal.png
  artifactKey: Guid(8ba8b94b5ab0c214fa2810a7df98a1a9) Importer(815301076,1909f56bfc062723c751e8b465ee728b)
Start importing Assets/BrokenVector/LowPolyTreePack/Textures/Colorsheet Tree Normal.png using Guid(8ba8b94b5ab0c214fa2810a7df98a1a9) Importer(815301076,1909f56bfc062723c751e8b465ee728b)  -> (artifact id: '3e8840b0491935414ed3598ddf7f24de') in 0.016109 seconds 
========================================================================
Received Import Request.
  Time since last request: 0.506776 seconds.
  path: Assets/BrokenVector/LowPolyTreePack/Prefabs/Tree Type0 01.prefab
  artifactKey: Guid(aee731a00031fcc4d9d2b075e528e050) Importer(815301076,1909f56bfc062723c751e8b465ee728b)
Start importing Assets/BrokenVector/LowPolyTreePack/Prefabs/Tree Type0 01.prefab using Guid(aee731a00031fcc4d9d2b075e528e050) Importer(815301076,1909f56bfc062723c751e8b465ee728b)  -> (artifact id: 'c30355cb3a4f498dfda8b9eef41fccc8') in 0.014575 seconds 
========================================================================
Received Import Request.
  Time since last request: 0.000025 seconds.
  path: Assets/BrokenVector/LowPolyTreePack/Prefabs/Tree Type0 04.prefab
  artifactKey: Guid(8a7cf5ac7b4145441a3dca86f869b09e) Importer(815301076,1909f56bfc062723c751e8b465ee728b)
Start importing Assets/BrokenVector/LowPolyTreePack/Prefabs/Tree Type0 04.prefab using Guid(8a7cf5ac7b4145441a3dca86f869b09e) Importer(815301076,1909f56bfc062723c751e8b465ee728b)  -> (artifact id: 'be45079208dd609ee7211f80028f2742') in 0.013208 seconds 
========================================================================
Received Import Request.
  Time since last request: 0.000031 seconds.
  path: Assets/BrokenVector/LowPolyTreePack/Prefabs/Tree Type0 03.prefab
  artifactKey: Guid(d537224908c5f444f86c9e57e0c7234c) Importer(815301076,1909f56bfc062723c751e8b465ee728b)
Start importing Assets/BrokenVector/LowPolyTreePack/Prefabs/Tree Type0 03.prefab using Guid(d537224908c5f444f86c9e57e0c7234c) Importer(815301076,1909f56bfc062723c751e8b465ee728b)  -> (artifact id: 'f06584144fe8f87b50de9dae53a2290c') in 0.012997 seconds 
========================================================================
Received Import Request.
  Time since last request: 0.000023 seconds.
  path: Assets/BrokenVector/LowPolyTreePack/Prefabs/Tree Type1 04.prefab
  artifactKey: Guid(8ed1fa325ca228645ad26dd6eff14768) Importer(815301076,1909f56bfc062723c751e8b465ee728b)
Start importing Assets/BrokenVector/LowPolyTreePack/Prefabs/Tree Type1 04.prefab using Guid(8ed1fa325ca228645ad26dd6eff14768) Importer(815301076,1909f56bfc062723c751e8b465ee728b)  -> (artifact id: '0c341cf061226b8935a543223bfa786f') in 0.011896 seconds 
========================================================================
Received Import Request.
  Time since last request: 0.000026 seconds.
  path: Assets/BrokenVector/LowPolyTreePack/Prefabs/Tree Type3 02.prefab
  artifactKey: Guid(7641c7e8354e2c44cab6432d9d2c6d1b) Importer(815301076,1909f56bfc062723c751e8b465ee728b)
Start importing Assets/BrokenVector/LowPolyTreePack/Prefabs/Tree Type3 02.prefab using Guid(7641c7e8354e2c44cab6432d9d2c6d1b) Importer(815301076,1909f56bfc062723c751e8b465ee728b)  -> (artifact id: '525bb46b21792d164216d9b012338a2a') in 0.013981 seconds 
========================================================================
Received Import Request.
  Time since last request: 0.000026 seconds.
  path: Assets/BrokenVector/LowPolyTreePack/Prefabs/Tree Type4 02.prefab
  artifactKey: Guid(38ade0ba7c293f14a9b1b610879e9390) Importer(815301076,1909f56bfc062723c751e8b465ee728b)
Start importing Assets/BrokenVector/LowPolyTreePack/Prefabs/Tree Type4 02.prefab using Guid(38ade0ba7c293f14a9b1b610879e9390) Importer(815301076,1909f56bfc062723c751e8b465ee728b)  -> (artifact id: '50439076cfb277021869318ebed0cbc3') in 0.013615 seconds 
========================================================================
Received Import Request.
  Time since last request: 0.000029 seconds.
  path: Assets/BrokenVector/LowPolyTreePack/Prefabs/Tree Type4 01.prefab
  artifactKey: Guid(fb8ae0828a555f74996970b8d0495f15) Importer(815301076,1909f56bfc062723c751e8b465ee728b)
Start importing Assets/BrokenVector/LowPolyTreePack/Prefabs/Tree Type4 01.prefab using Guid(fb8ae0828a555f74996970b8d0495f15) Importer(815301076,1909f56bfc062723c751e8b465ee728b)  -> (artifact id: 'ae1a3db9c95261beacb18912ee4d094b') in 0.012211 seconds 
========================================================================
Received Import Request.
  Time since last request: 0.000020 seconds.
  path: Assets/BrokenVector/LowPolyTreePack/Prefabs/Tree Type6 01.prefab
  artifactKey: Guid(ec7286e0017272441a3dec9205cb8daf) Importer(815301076,1909f56bfc062723c751e8b465ee728b)
Start importing Assets/BrokenVector/LowPolyTreePack/Prefabs/Tree Type6 01.prefab using Guid(ec7286e0017272441a3dec9205cb8daf) Importer(815301076,1909f56bfc062723c751e8b465ee728b)  -> (artifact id: '6395cfdab832a566965d29bd89ddc5a5') in 0.012204 seconds 
========================================================================
Received Import Request.
  Time since last request: 0.000021 seconds.
  path: Assets/BrokenVector/LowPolyTreePack/Prefabs/Tree Type5 04.prefab
  artifactKey: Guid(1e4e7284c1efd5f4eb702c799353072c) Importer(815301076,1909f56bfc062723c751e8b465ee728b)
Start importing Assets/BrokenVector/LowPolyTreePack/Prefabs/Tree Type5 04.prefab using Guid(1e4e7284c1efd5f4eb702c799353072c) Importer(815301076,1909f56bfc062723c751e8b465ee728b)  -> (artifact id: 'ec55a78b9d4fbf1b4f69f56ff076f079') in 0.014776 seconds 
========================================================================
Received Import Request.
  Time since last request: 0.000023 seconds.
  path: Assets/BrokenVector/LowPolyTreePack/Prefabs/Tree Type5 03.prefab
  artifactKey: Guid(069e1e44b643edc4fb4a9d4311a78fb7) Importer(815301076,1909f56bfc062723c751e8b465ee728b)
Start importing Assets/BrokenVector/LowPolyTreePack/Prefabs/Tree Type5 03.prefab using Guid(069e1e44b643edc4fb4a9d4311a78fb7) Importer(815301076,1909f56bfc062723c751e8b465ee728b)  -> (artifact id: 'c80b4d6572270706f58bac6d8f4fca57') in 0.014402 seconds 
========================================================================
Received Import Request.
  Time since last request: 0.000023 seconds.
  path: Assets/BrokenVector/LowPolyTreePack/Prefabs/Tree Type4 04.prefab
  artifactKey: Guid(613b4cc8c589ad8458e792ae21891bef) Importer(815301076,1909f56bfc062723c751e8b465ee728b)
Start importing Assets/BrokenVector/LowPolyTreePack/Prefabs/Tree Type4 04.prefab using Guid(613b4cc8c589ad8458e792ae21891bef) Importer(815301076,1909f56bfc062723c751e8b465ee728b)  -> (artifact id: 'e0a5cafb669e0ea3bfe396e72dd13f10') in 0.014619 seconds 
========================================================================
Received Import Request.
  Time since last request: 0.000028 seconds.
  path: Assets/BrokenVector/LowPolyTreePack/Prefabs/Tree Type7 02.prefab
  artifactKey: Guid(107cc8771223daf48be99527559937ff) Importer(815301076,1909f56bfc062723c751e8b465ee728b)
Start importing Assets/BrokenVector/LowPolyTreePack/Prefabs/Tree Type7 02.prefab using Guid(107cc8771223daf48be99527559937ff) Importer(815301076,1909f56bfc062723c751e8b465ee728b)  -> (artifact id: '243b35cbe4a701b67a3fa827ad4a032f') in 0.013456 seconds 
========================================================================
Received Import Request.
  Time since last request: 0.000023 seconds.
  path: Assets/BrokenVector/LowPolyTreePack/Prefabs/Tree Type5 01.prefab
  artifactKey: Guid(11d469914a0208343b39f04223416f9c) Importer(815301076,1909f56bfc062723c751e8b465ee728b)
Start importing Assets/BrokenVector/LowPolyTreePack/Prefabs/Tree Type5 01.prefab using Guid(11d469914a0208343b39f04223416f9c) Importer(815301076,1909f56bfc062723c751e8b465ee728b)  -> (artifact id: 'db3ad6e253bce168935da10f0a817756') in 0.015525 seconds 
========================================================================
Received Import Request.
  Time since last request: 0.000031 seconds.
  path: Assets/BrokenVector/LowPolyTreePack/Prefabs/Tree Type0 05.prefab
  artifactKey: Guid(9469bb1d3aa88ca40aa4079e96a27f8e) Importer(815301076,1909f56bfc062723c751e8b465ee728b)
Start importing Assets/BrokenVector/LowPolyTreePack/Prefabs/Tree Type0 05.prefab using Guid(9469bb1d3aa88ca40aa4079e96a27f8e) Importer(815301076,1909f56bfc062723c751e8b465ee728b)  -> (artifact id: 'b3609b373ff32dc403c5ccb9406feecf') in 0.013544 seconds 
========================================================================
Received Import Request.
  Time since last request: 0.000025 seconds.
  path: Assets/BrokenVector/LowPolyTreePack/Prefabs/Tree Type3 05.prefab
  artifactKey: Guid(87a6cef862ce2cb4a88c5ca5d5af5d2b) Importer(815301076,1909f56bfc062723c751e8b465ee728b)
Start importing Assets/BrokenVector/LowPolyTreePack/Prefabs/Tree Type3 05.prefab using Guid(87a6cef862ce2cb4a88c5ca5d5af5d2b) Importer(815301076,1909f56bfc062723c751e8b465ee728b)  -> (artifact id: '1e02d8a89c8d610327248adf07f93244') in 0.015429 seconds 
========================================================================
Received Import Request.
  Time since last request: 0.000039 seconds.
  path: Assets/BrokenVector/LowPolyTreePack/Prefabs/Tree Type0 02.prefab
  artifactKey: Guid(5c3cbac9d5eae3844a928d36e6dbd1a6) Importer(815301076,1909f56bfc062723c751e8b465ee728b)
Start importing Assets/BrokenVector/LowPolyTreePack/Prefabs/Tree Type0 02.prefab using Guid(5c3cbac9d5eae3844a928d36e6dbd1a6) Importer(815301076,1909f56bfc062723c751e8b465ee728b)  -> (artifact id: '5879caeafcec71e6cc48bc1e9fbe6ffc') in 0.016035 seconds 
========================================================================
Received Import Request.
  Time since last request: 0.000026 seconds.
  path: Assets/BrokenVector/LowPolyTreePack/Prefabs/Tree Type1 01.prefab
  artifactKey: Guid(fc05c8bfad7df5a4abe568aca7403b9e) Importer(815301076,1909f56bfc062723c751e8b465ee728b)
Start importing Assets/BrokenVector/LowPolyTreePack/Prefabs/Tree Type1 01.prefab using Guid(fc05c8bfad7df5a4abe568aca7403b9e) Importer(815301076,1909f56bfc062723c751e8b465ee728b)  -> (artifact id: '5580a5bf615bd807389a14749dc5c00d') in 0.015290 seconds 
========================================================================
Received Import Request.
  Time since last request: 0.000031 seconds.
  path: Assets/BrokenVector/LowPolyTreePack/Prefabs/Tree Type6 04.prefab
  artifactKey: Guid(eed418c5a3c80d448b4cdbe594ebe3c5) Importer(815301076,1909f56bfc062723c751e8b465ee728b)
Start importing Assets/BrokenVector/LowPolyTreePack/Prefabs/Tree Type6 04.prefab using Guid(eed418c5a3c80d448b4cdbe594ebe3c5) Importer(815301076,1909f56bfc062723c751e8b465ee728b)  -> (artifact id: '3adff706da053506d68272f0d5a533dd') in 0.020129 seconds 
========================================================================
Received Import Request.
  Time since last request: 0.000021 seconds.
  path: Assets/BrokenVector/LowPolyTreePack/Prefabs/Tree Type3 03.prefab
  artifactKey: Guid(a1d34f7914a1d8148a0ce7262f7ba394) Importer(815301076,1909f56bfc062723c751e8b465ee728b)
Start importing Assets/BrokenVector/LowPolyTreePack/Prefabs/Tree Type3 03.prefab using Guid(a1d34f7914a1d8148a0ce7262f7ba394) Importer(815301076,1909f56bfc062723c751e8b465ee728b)  -> (artifact id: '470f4a143e956c16341efda437ddde47') in 0.014144 seconds 
========================================================================
Received Import Request.
  Time since last request: 0.000038 seconds.
  path: Assets/BrokenVector/LowPolyTreePack/Prefabs/Tree Type7 04.prefab
  artifactKey: Guid(3c74caa0496b18d4ba0a1009ebb4c992) Importer(815301076,1909f56bfc062723c751e8b465ee728b)
Start importing Assets/BrokenVector/LowPolyTreePack/Prefabs/Tree Type7 04.prefab using Guid(3c74caa0496b18d4ba0a1009ebb4c992) Importer(815301076,1909f56bfc062723c751e8b465ee728b)  -> (artifact id: '5dc791ad9d8cd752538403bd9444c503') in 0.014141 seconds 
========================================================================
Received Prepare
Registering precompiled user dll's ...
Registered in 0.004685 seconds.
Begin MonoManager ReloadAssembly
Symbol file LoadedFromMemory doesn't match image D:\Git\game351_group\unity\Assignment 1\Library\PackageCache\com.unity.visualscripting@1.7.8\Editor\VisualScripting.Core\Dependencies\YamlDotNet\Unity.VisualScripting.YamlDotNet.dll
Symbol file LoadedFromMemory doesn't match image D:\Git\game351_group\unity\Assignment 1\Library\PackageCache\com.unity.visualscripting@1.7.8\Editor\VisualScripting.Core\Dependencies\DotNetZip\Unity.VisualScripting.IonicZip.dll
Native extension for WindowsStandalone target not found
Refreshing native plugins compatible for Editor in 1.57 ms, found 3 plugins.
Preloading 0 native plugins for Editor in 0.00 ms.
Mono: successfully reloaded assembly
- Completed reload, in  1.113 seconds
Domain Reload Profiling:
	ReloadAssembly (1113ms)
		BeginReloadAssembly (122ms)
			ExecutionOrderSort (0ms)
			DisableScriptedObjects (4ms)
			BackupInstance (0ms)
			ReleaseScriptingObjects (0ms)
			CreateAndSetChildDomain (42ms)
		EndReloadAssembly (903ms)
			LoadAssemblies (74ms)
			RebuildTransferFunctionScriptingTraits (0ms)
			SetupTypeCache (245ms)
			ReleaseScriptCaches (3ms)
			RebuildScriptCaches (68ms)
			SetupLoadedEditorAssemblies (462ms)
				LogAssemblyErrors (0ms)
				InitializePlatformSupportModulesInManaged (10ms)
				SetLoadedEditorAssemblies (0ms)
				RefreshPlugins (2ms)
				BeforeProcessingInitializeOnLoad (96ms)
				ProcessInitializeOnLoadAttributes (308ms)
				ProcessInitializeOnLoadMethodAttributes (37ms)
				AfterProcessingInitializeOnLoad (8ms)
				EditorAssembliesLoaded (0ms)
			ExecutionOrderSort2 (0ms)
			AwakeInstancesAfterBackupRestoration (7ms)
Platform modules already initialized, skipping
Refreshing native plugins compatible for Editor in 4.54 ms, found 3 plugins.
Preloading 0 native plugins for Editor in 0.00 ms.
Unloading 6649 Unused Serialized files (Serialized files now loaded: 0)
Unloading 137 unused Assets / (11.6 MB). Loaded Objects now: 7230.
Memory consumption went from 325.5 MB to 313.9 MB.
Total: 7.417000 ms (FindLiveObjects: 0.475400 ms CreateObjectMapping: 0.220500 ms MarkObjects: 3.877800 ms  DeleteObjects: 2.841400 ms)

AssetImportParameters requested are different than current active one (requested -> active):
  custom:video-decoder-ogg-theora: a1e56fd34408186e4bbccfd4996cb3dc -> 
  custom:container-muxer-webm: aa71ff27fc2769a1b78a27578f13a17b -> 
  custom:container-demuxer-webm: 4f35f7cbe854078d1ac9338744f61a02 -> 
  custom:video-encoder-webm-vp8: eb34c28f22e8b96e1ab97ce403110664 -> 
  custom:video-codec-MediaFoundation-h265: 746d11721c4dcdbdad8f713fa42b33f4 -> 
  custom:audio-encoder-webm-vorbis: bf7c407c2cedff20999df2af8eb42d56 -> 
  custom:framework-win-MediaFoundation: 216162199b28c13a410421893ffa2e32 -> 
  custom:SearchIndexIgnoredProperties: e643bd26f0fe6173181afceb89e7c659 -> 
  custom:container-demuxer-ogg: 62fdf1f143b41e24485cea50d1cbac27 -> 
  custom:video-decoder-webm-vp8: 9c59270c3fd7afecdb556c50c9e8de78 -> 
  custom:audio-decoder-ogg-vorbis: bf7c407c2cedff20999df2af8eb42d56 -> 
========================================================================
Received Prepare
Registering precompiled user dll's ...
Registered in 0.004050 seconds.
Begin MonoManager ReloadAssembly
Symbol file LoadedFromMemory doesn't match image D:\Git\game351_group\unity\Assignment 1\Library\PackageCache\com.unity.visualscripting@1.7.8\Editor\VisualScripting.Core\Dependencies\YamlDotNet\Unity.VisualScripting.YamlDotNet.dll
Symbol file LoadedFromMemory doesn't match image D:\Git\game351_group\unity\Assignment 1\Library\PackageCache\com.unity.visualscripting@1.7.8\Editor\VisualScripting.Core\Dependencies\DotNetZip\Unity.VisualScripting.IonicZip.dll
Native extension for WindowsStandalone target not found
Refreshing native plugins compatible for Editor in 1.28 ms, found 3 plugins.
Preloading 0 native plugins for Editor in 0.00 ms.
Mono: successfully reloaded assembly
- Completed reload, in  1.141 seconds
Domain Reload Profiling:
	ReloadAssembly (1142ms)
		BeginReloadAssembly (130ms)
			ExecutionOrderSort (0ms)
			DisableScriptedObjects (4ms)
			BackupInstance (0ms)
			ReleaseScriptingObjects (0ms)
			CreateAndSetChildDomain (41ms)
		EndReloadAssembly (913ms)
			LoadAssemblies (83ms)
			RebuildTransferFunctionScriptingTraits (0ms)
			SetupTypeCache (253ms)
			ReleaseScriptCaches (3ms)
			RebuildScriptCaches (67ms)
			SetupLoadedEditorAssemblies (458ms)
				LogAssemblyErrors (0ms)
				InitializePlatformSupportModulesInManaged (11ms)
				SetLoadedEditorAssemblies (1ms)
				RefreshPlugins (1ms)
				BeforeProcessingInitializeOnLoad (97ms)
				ProcessInitializeOnLoadAttributes (302ms)
				ProcessInitializeOnLoadMethodAttributes (36ms)
				AfterProcessingInitializeOnLoad (10ms)
				EditorAssembliesLoaded (0ms)
			ExecutionOrderSort2 (0ms)
			AwakeInstancesAfterBackupRestoration (7ms)
Platform modules already initialized, skipping
Refreshing native plugins compatible for Editor in 4.00 ms, found 3 plugins.
Preloading 0 native plugins for Editor in 0.00 ms.
Unloading 6649 Unused Serialized files (Serialized files now loaded: 0)
Unloading 137 unused Assets / (11.6 MB). Loaded Objects now: 7233.
Memory consumption went from 325.5 MB to 313.9 MB.
Total: 8.912300 ms (FindLiveObjects: 0.534000 ms CreateObjectMapping: 0.578000 ms MarkObjects: 4.222200 ms  DeleteObjects: 3.576900 ms)

AssetImportParameters requested are different than current active one (requested -> active):
  custom:video-decoder-ogg-theora: a1e56fd34408186e4bbccfd4996cb3dc -> 
  custom:container-muxer-webm: aa71ff27fc2769a1b78a27578f13a17b -> 
  custom:container-demuxer-webm: 4f35f7cbe854078d1ac9338744f61a02 -> 
  custom:video-encoder-webm-vp8: eb34c28f22e8b96e1ab97ce403110664 -> 
  custom:video-codec-MediaFoundation-h265: 746d11721c4dcdbdad8f713fa42b33f4 -> 
  custom:audio-encoder-webm-vorbis: bf7c407c2cedff20999df2af8eb42d56 -> 
  custom:framework-win-MediaFoundation: 216162199b28c13a410421893ffa2e32 -> 
  custom:SearchIndexIgnoredProperties: e643bd26f0fe6173181afceb89e7c659 -> 
  custom:container-demuxer-ogg: 62fdf1f143b41e24485cea50d1cbac27 -> 
  custom:video-decoder-webm-vp8: 9c59270c3fd7afecdb556c50c9e8de78 -> 
  custom:audio-decoder-ogg-vorbis: bf7c407c2cedff20999df2af8eb42d56 -> 
Editor requested this worker to shutdown with reason: Scaling down because of idle timeout
AssetImportWorker is now disconnected from the server
Process exiting
Exiting without the bug reporter. Application will terminate with return code 0